nohup: ignoring input
intially (50, 1024)
error
Intialization failure
intially (50, 1024)
enter basis:  88 quit basis:  1369 optval:,  0.6128894048973736 iter:  1
enter basis:  646 quit basis:  1125 optval:,  0.578041925658077 iter:  2
enter basis:  126 quit basis:  1083 optval:,  0.5418784479393719 iter:  3
enter basis:  382 quit basis:  1390 optval:,  0.5326380941524318 iter:  4
enter basis:  96 quit basis:  1425 optval:,  0.5241714919816851 iter:  5
enter basis:  1006 quit basis:  1514 optval:,  0.5122614135984459 iter:  6
enter basis:  691 quit basis:  1506 optval:,  0.4949371110965773 iter:  7
enter basis:  937 quit basis:  1231 optval:,  0.4663785783694966 iter:  8
enter basis:  61 quit basis:  1211 optval:,  0.4629625926727402 iter:  9
enter basis:  552 quit basis:  1129 optval:,  0.4170822504480893 iter:  10
episode:  0 enter basis:  961 quit basis:  1249 optval:,  0.4135499601295855 iter:  11
episode:  0 enter basis:  814 quit basis:  1208 optval:,  0.4034983277537953 iter:  12
episode:  0 enter basis:  967 quit basis:  1205 optval:,  0.39293206106352463 iter:  13
episode:  0 enter basis:  127 quit basis:  11 optval:,  0.38770682248106764 iter:  14
episode:  0 enter basis:  626 quit basis:  1395 optval:,  0.3778233036529774 iter:  15
episode:  0 enter basis:  530 quit basis:  1329 optval:,  0.37658339023833465 iter:  16
episode:  0 enter basis:  292 quit basis:  1090 optval:,  0.3681001575881179 iter:  17
episode:  0 enter basis:  507 quit basis:  15 optval:,  0.3585774405655488 iter:  18
episode:  0 enter basis:  247 quit basis:  1272 optval:,  0.3557707246615448 iter:  19
episode:  0 enter basis:  363 quit basis:  1186 optval:,  0.3488920068969575 iter:  20
episode:  0 enter basis:  619 quit basis:  1360 optval:,  0.3461416179820674 iter:  21
episode:  0 enter basis:  760 quit basis:  1103 optval:,  0.3416870593809864 iter:  22
episode:  0 enter basis:  512 quit basis:  1381 optval:,  0.34162679615963903 iter:  23
episode:  0 enter basis:  90 quit basis:  1270 optval:,  0.33584201448062634 iter:  24
episode:  0 enter basis:  820 quit basis:  1080 optval:,  0.3278476588957503 iter:  25
episode:  0 enter basis:  855 quit basis:  1144 optval:,  0.3262613193163155 iter:  26
episode:  0 enter basis:  64 quit basis:  19 optval:,  0.322158654890376 iter:  27
episode:  0 enter basis:  233 quit basis:  31 optval:,  0.3187116803783551 iter:  28
episode:  0 enter basis:  617 quit basis:  1234 optval:,  0.3146458834360685 iter:  29
episode:  0 enter basis:  593 quit basis:  1432 optval:,  0.3102369818531138 iter:  30
episode:  0 enter basis:  275 quit basis:  36 optval:,  0.30735188157227994 iter:  31
episode:  0 enter basis:  266 quit basis:  5 optval:,  0.30559947782982233 iter:  32
episode:  0 enter basis:  834 quit basis:  1449 optval:,  0.3016806760378264 iter:  33
episode:  0 enter basis:  793 quit basis:  855 optval:,  0.29768930432342244 iter:  34
episode:  0 enter basis:  368 quit basis:  1147 optval:,  0.29681420213187737 iter:  35
episode:  0 enter basis:  1005 quit basis:  1460 optval:,  0.29646897149116125 iter:  36
episode:  0 enter basis:  78 quit basis:  1512 optval:,  0.29265176216175764 iter:  37
episode:  0 enter basis:  919 quit basis:  1271 optval:,  0.286053069685453 iter:  38
episode:  0 enter basis:  770 quit basis:  1336 optval:,  0.2836139883781375 iter:  39
episode:  0 enter basis:  737 quit basis:  1119 optval:,  0.28319080456185675 iter:  40
episode:  0 enter basis:  135 quit basis:  1215 optval:,  0.28218631623472845 iter:  41
episode:  0 enter basis:  397 quit basis:  1091 optval:,  0.27796676343055704 iter:  42
episode:  0 enter basis:  637 quit basis:  1372 optval:,  0.2745862578997834 iter:  43
episode:  0 enter basis:  370 quit basis:  1197 optval:,  0.2724922283972847 iter:  44
episode:  0 enter basis:  750 quit basis:  1403 optval:,  0.27245992322451107 iter:  45
episode:  0 enter basis:  564 quit basis:  78 optval:,  0.27065954255555014 iter:  46
episode:  0 enter basis:  845 quit basis:  564 optval:,  0.27065954255555014 iter:  47
episode:  0 enter basis:  351 quit basis:  1174 optval:,  0.26942273708152276 iter:  48
episode:  0 enter basis:  347 quit basis:  1439 optval:,  0.26788913027599853 iter:  49
episode:  0 enter basis:  789 quit basis:  1064 optval:,  0.2675806668892908 iter:  50
episode:  0 intially (50, 1024)
episode: 0, epsilon: 0.9900, max time step: 41, total reward: -0.833600
intially (50, 1024)
enter basis:  598 quit basis:  1102 optval:,  0.6405503823510906 iter:  1
enter basis:  274 quit basis:  1064 optval:,  0.6339747461134787 iter:  2
enter basis:  875 quit basis:  598 optval:,  0.6294882665329868 iter:  3
enter basis:  634 quit basis:  1212 optval:,  0.5865166735014646 iter:  4
enter basis:  956 quit basis:  1455 optval:,  0.5822997301120495 iter:  5
enter basis:  923 quit basis:  1336 optval:,  0.5738110073772299 iter:  6
enter basis:  91 quit basis:  1535 optval:,  0.5639838525822467 iter:  7
enter basis:  781 quit basis:  1027 optval:,  0.5503124209721562 iter:  8
enter basis:  468 quit basis:  1482 optval:,  0.5474050056452723 iter:  9
enter basis:  918 quit basis:  1368 optval:,  0.510737001158729 iter:  10
enter basis:  790 quit basis:  1176 optval:,  0.4871111602410329 iter:  11
enter basis:  531 quit basis:  1410 optval:,  0.486298005953723 iter:  12
enter basis:  236 quit basis:  1217 optval:,  0.4653963173851031 iter:  13
enter basis:  405 quit basis:  1382 optval:,  0.4537686710167785 iter:  14
enter basis:  51 quit basis:  1162 optval:,  0.4502227848144974 iter:  15
enter basis:  651 quit basis:  1324 optval:,  0.4363493290398099 iter:  16
enter basis:  537 quit basis:  5 optval:,  0.43426455550493015 iter:  17
enter basis:  913 quit basis:  1029 optval:,  0.4315664639583311 iter:  18
enter basis:  52 quit basis:  913 optval:,  0.4315664639583311 iter:  19
enter basis:  282 quit basis:  1392 optval:,  0.42967325472458684 iter:  20
enter basis:  133 quit basis:  1134 optval:,  0.42524994880308464 iter:  21
enter basis:  718 quit basis:  133 optval:,  0.42524994880308464 iter:  22
enter basis:  735 quit basis:  651 optval:,  0.4178376003039465 iter:  23
enter basis:  704 quit basis:  282 optval:,  0.4114038717220712 iter:  24
enter basis:  955 quit basis:  781 optval:,  0.41056191107078555 iter:  25
enter basis:  998 quit basis:  735 optval:,  0.41009135622233495 iter:  26
enter basis:  133 quit basis:  31 optval:,  0.4098779052958039 iter:  27
enter basis:  479 quit basis:  17 optval:,  0.4051969949730724 iter:  28
enter basis:  557 quit basis:  704 optval:,  0.4043016086635376 iter:  29
enter basis:  715 quit basis:  1040 optval:,  0.3945307203039784 iter:  30
enter basis:  407 quit basis:  1450 optval:,  0.3881361035960551 iter:  31
enter basis:  352 quit basis:  557 optval:,  0.38813610359605505 iter:  32
enter basis:  548 quit basis:  1281 optval:,  0.38768832868132064 iter:  33
enter basis:  169 quit basis:  1225 optval:,  0.38739535632605593 iter:  34
enter basis:  647 quit basis:  352 optval:,  0.386838477910185 iter:  35
enter basis:  472 quit basis:  647 optval:,  0.386838477910185 iter:  36
enter basis:  199 quit basis:  472 optval:,  0.386838477910185 iter:  37
enter basis:  202 quit basis:  169 optval:,  0.38667695140277947 iter:  38
enter basis:  602 quit basis:  202 optval:,  0.38667695140277947 iter:  39
enter basis:  17 quit basis:  602 optval:,  0.38667695140277947 iter:  40
enter basis:  333 quit basis:  17 optval:,  0.38667695140277947 iter:  41
enter basis:  17 quit basis:  333 optval:,  0.38667695140277947 iter:  42
enter basis:  333 quit basis:  17 optval:,  0.38667695140277947 iter:  43
enter basis:  17 quit basis:  333 optval:,  0.38667695140277947 iter:  44
enter basis:  333 quit basis:  17 optval:,  0.38667695140277947 iter:  45
enter basis:  17 quit basis:  333 optval:,  0.38667695140277947 iter:  46
enter basis:  333 quit basis:  17 optval:,  0.38667695140277947 iter:  47
enter basis:  17 quit basis:  333 optval:,  0.38667695140277947 iter:  48
converge
intially (50, 1024)
error
Intialization failure
intially (50, 1024)
intially (50, 1024)
enter basis:  598 quit basis:  1102 optval:,  0.6405503823510906 iter:  1
enter basis:  274 quit basis:  1064 optval:,  0.6339747461134787 iter:  2
enter basis:  875 quit basis:  598 optval:,  0.6294882665329868 iter:  3
enter basis:  634 quit basis:  1212 optval:,  0.5865166735014646 iter:  4
enter basis:  956 quit basis:  1455 optval:,  0.5822997301120495 iter:  5
enter basis:  923 quit basis:  1336 optval:,  0.5738110073772299 iter:  6
enter basis:  91 quit basis:  1535 optval:,  0.5639838525822467 iter:  7
enter basis:  781 quit basis:  1027 optval:,  0.5503124209721562 iter:  8
enter basis:  468 quit basis:  1482 optval:,  0.5474050056452723 iter:  9
enter basis:  918 quit basis:  1368 optval:,  0.510737001158729 iter:  10
enter basis:  790 quit basis:  1176 optval:,  0.4871111602410329 iter:  11
enter basis:  531 quit basis:  1410 optval:,  0.486298005953723 iter:  12
enter basis:  236 quit basis:  1217 optval:,  0.4653963173851031 iter:  13
enter basis:  405 quit basis:  1382 optval:,  0.4537686710167785 iter:  14
enter basis:  51 quit basis:  1162 optval:,  0.4502227848144974 iter:  15
enter basis:  651 quit basis:  1324 optval:,  0.4363493290398099 iter:  16
enter basis:  537 quit basis:  5 optval:,  0.43426455550493015 iter:  17
enter basis:  913 quit basis:  1029 optval:,  0.4315664639583311 iter:  18
enter basis:  52 quit basis:  913 optval:,  0.4315664639583311 iter:  19
enter basis:  282 quit basis:  1392 optval:,  0.42967325472458684 iter:  20
enter basis:  133 quit basis:  1134 optval:,  0.42524994880308464 iter:  21
enter basis:  718 quit basis:  133 optval:,  0.42524994880308464 iter:  22
enter basis:  735 quit basis:  651 optval:,  0.4178376003039465 iter:  23
enter basis:  704 quit basis:  282 optval:,  0.4114038717220712 iter:  24
enter basis:  955 quit basis:  781 optval:,  0.41056191107078555 iter:  25
enter basis:  998 quit basis:  735 optval:,  0.41009135622233495 iter:  26
enter basis:  133 quit basis:  31 optval:,  0.4098779052958039 iter:  27
enter basis:  479 quit basis:  17 optval:,  0.4051969949730724 iter:  28
enter basis:  557 quit basis:  704 optval:,  0.4043016086635376 iter:  29
enter basis:  715 quit basis:  1040 optval:,  0.3945307203039784 iter:  30
enter basis:  407 quit basis:  1450 optval:,  0.3881361035960551 iter:  31
enter basis:  352 quit basis:  557 optval:,  0.38813610359605505 iter:  32
enter basis:  548 quit basis:  1281 optval:,  0.38768832868132064 iter:  33
enter basis:  169 quit basis:  1225 optval:,  0.38739535632605593 iter:  34
enter basis:  647 quit basis:  352 optval:,  0.386838477910185 iter:  35
enter basis:  472 quit basis:  647 optval:,  0.386838477910185 iter:  36
enter basis:  199 quit basis:  472 optval:,  0.386838477910185 iter:  37
enter basis:  202 quit basis:  169 optval:,  0.38667695140277947 iter:  38
enter basis:  602 quit basis:  202 optval:,  0.38667695140277947 iter:  39
enter basis:  17 quit basis:  602 optval:,  0.38667695140277947 iter:  40
enter basis:  333 quit basis:  17 optval:,  0.38667695140277947 iter:  41
enter basis:  17 quit basis:  333 optval:,  0.38667695140277947 iter:  42
enter basis:  333 quit basis:  17 optval:,  0.38667695140277947 iter:  43
enter basis:  17 quit basis:  333 optval:,  0.38667695140277947 iter:  44
enter basis:  333 quit basis:  17 optval:,  0.38667695140277947 iter:  45
enter basis:  17 quit basis:  333 optval:,  0.38667695140277947 iter:  46
enter basis:  333 quit basis:  17 optval:,  0.38667695140277947 iter:  47
enter basis:  17 quit basis:  333 optval:,  0.38667695140277947 iter:  48
converge
intially (50, 1024)
error
Intialization failure
intially (50, 1024)
intially (50, 1024)
enter basis:  598 quit basis:  1102 optval:,  0.6405503823510906 iter:  1
enter basis:  274 quit basis:  1064 optval:,  0.6339747461134787 iter:  2
enter basis:  875 quit basis:  598 optval:,  0.6294882665329868 iter:  3
enter basis:  634 quit basis:  1212 optval:,  0.5865166735014646 iter:  4
enter basis:  956 quit basis:  1455 optval:,  0.5822997301120495 iter:  5
enter basis:  923 quit basis:  1336 optval:,  0.5738110073772299 iter:  6
enter basis:  91 quit basis:  1535 optval:,  0.5639838525822467 iter:  7
enter basis:  781 quit basis:  1027 optval:,  0.5503124209721562 iter:  8
enter basis:  468 quit basis:  1482 optval:,  0.5474050056452723 iter:  9
enter basis:  918 quit basis:  1368 optval:,  0.510737001158729 iter:  10
enter basis:  790 quit basis:  1176 optval:,  0.4871111602410329 iter:  11
enter basis:  531 quit basis:  1410 optval:,  0.486298005953723 iter:  12
enter basis:  236 quit basis:  1217 optval:,  0.4653963173851031 iter:  13
enter basis:  405 quit basis:  1382 optval:,  0.4537686710167785 iter:  14
enter basis:  51 quit basis:  1162 optval:,  0.4502227848144974 iter:  15
enter basis:  651 quit basis:  1324 optval:,  0.4363493290398099 iter:  16
enter basis:  537 quit basis:  5 optval:,  0.43426455550493015 iter:  17
enter basis:  913 quit basis:  1029 optval:,  0.4315664639583311 iter:  18
enter basis:  52 quit basis:  913 optval:,  0.4315664639583311 iter:  19
enter basis:  282 quit basis:  1392 optval:,  0.42967325472458684 iter:  20
enter basis:  133 quit basis:  1134 optval:,  0.42524994880308464 iter:  21
enter basis:  718 quit basis:  133 optval:,  0.42524994880308464 iter:  22
enter basis:  735 quit basis:  651 optval:,  0.4178376003039465 iter:  23
enter basis:  704 quit basis:  282 optval:,  0.4114038717220712 iter:  24
enter basis:  955 quit basis:  781 optval:,  0.41056191107078555 iter:  25
enter basis:  998 quit basis:  735 optval:,  0.41009135622233495 iter:  26
enter basis:  133 quit basis:  31 optval:,  0.4098779052958039 iter:  27
enter basis:  479 quit basis:  17 optval:,  0.4051969949730724 iter:  28
enter basis:  557 quit basis:  704 optval:,  0.4043016086635376 iter:  29
enter basis:  715 quit basis:  1040 optval:,  0.3945307203039784 iter:  30
enter basis:  407 quit basis:  1450 optval:,  0.3881361035960551 iter:  31
enter basis:  352 quit basis:  557 optval:,  0.38813610359605505 iter:  32
enter basis:  548 quit basis:  1281 optval:,  0.38768832868132064 iter:  33
enter basis:  169 quit basis:  1225 optval:,  0.38739535632605593 iter:  34
enter basis:  647 quit basis:  352 optval:,  0.386838477910185 iter:  35
enter basis:  472 quit basis:  647 optval:,  0.386838477910185 iter:  36
enter basis:  199 quit basis:  472 optval:,  0.386838477910185 iter:  37
enter basis:  202 quit basis:  169 optval:,  0.38667695140277947 iter:  38
enter basis:  602 quit basis:  202 optval:,  0.38667695140277947 iter:  39
enter basis:  17 quit basis:  602 optval:,  0.38667695140277947 iter:  40
enter basis:  333 quit basis:  17 optval:,  0.38667695140277947 iter:  41
enter basis:  17 quit basis:  333 optval:,  0.38667695140277947 iter:  42
enter basis:  333 quit basis:  17 optval:,  0.38667695140277947 iter:  43
enter basis:  17 quit basis:  333 optval:,  0.38667695140277947 iter:  44
enter basis:  333 quit basis:  17 optval:,  0.38667695140277947 iter:  45
enter basis:  17 quit basis:  333 optval:,  0.38667695140277947 iter:  46
enter basis:  333 quit basis:  17 optval:,  0.38667695140277947 iter:  47
enter basis:  17 quit basis:  333 optval:,  0.38667695140277947 iter:  48
converge
intially (50, 1024)
error
Intialization failure
intially (50, 1024)
intially (50, 1024)
enter basis:  598 quit basis:  1102 optval:,  0.6405503823510906 iter:  1
enter basis:  274 quit basis:  1064 optval:,  0.6339747461134787 iter:  2
enter basis:  875 quit basis:  598 optval:,  0.6294882665329868 iter:  3
enter basis:  634 quit basis:  1212 optval:,  0.5865166735014646 iter:  4
enter basis:  956 quit basis:  1455 optval:,  0.5822997301120495 iter:  5
enter basis:  923 quit basis:  1336 optval:,  0.5738110073772299 iter:  6
enter basis:  91 quit basis:  1535 optval:,  0.5639838525822467 iter:  7
enter basis:  781 quit basis:  1027 optval:,  0.5503124209721562 iter:  8
enter basis:  468 quit basis:  1482 optval:,  0.5474050056452723 iter:  9
enter basis:  918 quit basis:  1368 optval:,  0.510737001158729 iter:  10
enter basis:  790 quit basis:  1176 optval:,  0.4871111602410329 iter:  11
enter basis:  531 quit basis:  1410 optval:,  0.486298005953723 iter:  12
enter basis:  236 quit basis:  1217 optval:,  0.4653963173851031 iter:  13
enter basis:  405 quit basis:  1382 optval:,  0.4537686710167785 iter:  14
enter basis:  51 quit basis:  1162 optval:,  0.4502227848144974 iter:  15
enter basis:  651 quit basis:  1324 optval:,  0.4363493290398099 iter:  16
enter basis:  537 quit basis:  5 optval:,  0.43426455550493015 iter:  17
enter basis:  913 quit basis:  1029 optval:,  0.4315664639583311 iter:  18
enter basis:  52 quit basis:  913 optval:,  0.4315664639583311 iter:  19
enter basis:  282 quit basis:  1392 optval:,  0.42967325472458684 iter:  20
enter basis:  133 quit basis:  1134 optval:,  0.42524994880308464 iter:  21
enter basis:  718 quit basis:  133 optval:,  0.42524994880308464 iter:  22
enter basis:  735 quit basis:  651 optval:,  0.4178376003039465 iter:  23
enter basis:  704 quit basis:  282 optval:,  0.4114038717220712 iter:  24
enter basis:  955 quit basis:  781 optval:,  0.41056191107078555 iter:  25
enter basis:  998 quit basis:  735 optval:,  0.41009135622233495 iter:  26
enter basis:  133 quit basis:  31 optval:,  0.4098779052958039 iter:  27
enter basis:  479 quit basis:  17 optval:,  0.4051969949730724 iter:  28
enter basis:  557 quit basis:  704 optval:,  0.4043016086635376 iter:  29
enter basis:  715 quit basis:  1040 optval:,  0.3945307203039784 iter:  30
enter basis:  407 quit basis:  1450 optval:,  0.3881361035960551 iter:  31
enter basis:  352 quit basis:  557 optval:,  0.38813610359605505 iter:  32
enter basis:  548 quit basis:  1281 optval:,  0.38768832868132064 iter:  33
enter basis:  169 quit basis:  1225 optval:,  0.38739535632605593 iter:  34
enter basis:  647 quit basis:  352 optval:,  0.386838477910185 iter:  35
enter basis:  472 quit basis:  647 optval:,  0.386838477910185 iter:  36
enter basis:  199 quit basis:  472 optval:,  0.386838477910185 iter:  37
enter basis:  202 quit basis:  169 optval:,  0.38667695140277947 iter:  38
enter basis:  602 quit basis:  202 optval:,  0.38667695140277947 iter:  39
enter basis:  17 quit basis:  602 optval:,  0.38667695140277947 iter:  40
enter basis:  333 quit basis:  17 optval:,  0.38667695140277947 iter:  41
enter basis:  17 quit basis:  333 optval:,  0.38667695140277947 iter:  42
enter basis:  333 quit basis:  17 optval:,  0.38667695140277947 iter:  43
enter basis:  17 quit basis:  333 optval:,  0.38667695140277947 iter:  44
enter basis:  333 quit basis:  17 optval:,  0.38667695140277947 iter:  45
enter basis:  17 quit basis:  333 optval:,  0.38667695140277947 iter:  46
enter basis:  333 quit basis:  17 optval:,  0.38667695140277947 iter:  47
enter basis:  17 quit basis:  333 optval:,  0.38667695140277947 iter:  48
converge
intially (50, 1024)
error
Intialization failure
intially (50, 1024)
intially (50, 1024)
enter basis:  598 quit basis:  1102 optval:,  0.6405503823510906 iter:  1
enter basis:  274 quit basis:  1064 optval:,  0.6339747461134787 iter:  2
enter basis:  875 quit basis:  598 optval:,  0.6294882665329868 iter:  3
enter basis:  634 quit basis:  1212 optval:,  0.5865166735014646 iter:  4
enter basis:  956 quit basis:  1455 optval:,  0.5822997301120495 iter:  5
enter basis:  923 quit basis:  1336 optval:,  0.5738110073772299 iter:  6
enter basis:  91 quit basis:  1535 optval:,  0.5639838525822467 iter:  7
enter basis:  781 quit basis:  1027 optval:,  0.5503124209721562 iter:  8
enter basis:  468 quit basis:  1482 optval:,  0.5474050056452723 iter:  9
enter basis:  918 quit basis:  1368 optval:,  0.510737001158729 iter:  10
enter basis:  790 quit basis:  1176 optval:,  0.4871111602410329 iter:  11
enter basis:  531 quit basis:  1410 optval:,  0.486298005953723 iter:  12
enter basis:  236 quit basis:  1217 optval:,  0.4653963173851031 iter:  13
enter basis:  405 quit basis:  1382 optval:,  0.4537686710167785 iter:  14
enter basis:  51 quit basis:  1162 optval:,  0.4502227848144974 iter:  15
enter basis:  651 quit basis:  1324 optval:,  0.4363493290398099 iter:  16
enter basis:  537 quit basis:  5 optval:,  0.43426455550493015 iter:  17
enter basis:  913 quit basis:  1029 optval:,  0.4315664639583311 iter:  18
enter basis:  52 quit basis:  913 optval:,  0.4315664639583311 iter:  19
enter basis:  282 quit basis:  1392 optval:,  0.42967325472458684 iter:  20
enter basis:  133 quit basis:  1134 optval:,  0.42524994880308464 iter:  21
enter basis:  718 quit basis:  133 optval:,  0.42524994880308464 iter:  22
enter basis:  735 quit basis:  651 optval:,  0.4178376003039465 iter:  23
enter basis:  704 quit basis:  282 optval:,  0.4114038717220712 iter:  24
enter basis:  955 quit basis:  781 optval:,  0.41056191107078555 iter:  25
enter basis:  998 quit basis:  735 optval:,  0.41009135622233495 iter:  26
enter basis:  133 quit basis:  31 optval:,  0.4098779052958039 iter:  27
enter basis:  479 quit basis:  17 optval:,  0.4051969949730724 iter:  28
enter basis:  557 quit basis:  704 optval:,  0.4043016086635376 iter:  29
enter basis:  715 quit basis:  1040 optval:,  0.3945307203039784 iter:  30
enter basis:  407 quit basis:  1450 optval:,  0.3881361035960551 iter:  31
enter basis:  352 quit basis:  557 optval:,  0.38813610359605505 iter:  32
enter basis:  548 quit basis:  1281 optval:,  0.38768832868132064 iter:  33
enter basis:  169 quit basis:  1225 optval:,  0.38739535632605593 iter:  34
enter basis:  647 quit basis:  352 optval:,  0.386838477910185 iter:  35
enter basis:  472 quit basis:  647 optval:,  0.386838477910185 iter:  36
enter basis:  199 quit basis:  472 optval:,  0.386838477910185 iter:  37
enter basis:  202 quit basis:  169 optval:,  0.38667695140277947 iter:  38
enter basis:  602 quit basis:  202 optval:,  0.38667695140277947 iter:  39
enter basis:  17 quit basis:  602 optval:,  0.38667695140277947 iter:  40
enter basis:  333 quit basis:  17 optval:,  0.38667695140277947 iter:  41
enter basis:  17 quit basis:  333 optval:,  0.38667695140277947 iter:  42
enter basis:  333 quit basis:  17 optval:,  0.38667695140277947 iter:  43
enter basis:  17 quit basis:  333 optval:,  0.38667695140277947 iter:  44
enter basis:  333 quit basis:  17 optval:,  0.38667695140277947 iter:  45
enter basis:  17 quit basis:  333 optval:,  0.38667695140277947 iter:  46
enter basis:  333 quit basis:  17 optval:,  0.38667695140277947 iter:  47
enter basis:  17 quit basis:  333 optval:,  0.38667695140277947 iter:  48
converge
intially (50, 1024)
error
Intialization failure
intially (50, 1024)
testing: episode: 0, average time: 0.7503555443179158
save checkpoint, episode=0, ave time step=0.75
episode:  1 enter basis:  898 quit basis:  1216 optval:,  0.9356184399759379 iter:  1
episode:  1 enter basis:  169 quit basis:  1292 optval:,  0.9132511228304151 iter:  2
episode:  1 enter basis:  840 quit basis:  169 optval:,  0.9132511228304151 iter:  3
episode:  1 enter basis:  847 quit basis:  1280 optval:,  0.7609504513521508 iter:  4
episode:  1 enter basis:  541 quit basis:  1529 optval:,  0.7138693464343501 iter:  5
episode:  1 enter basis:  477 quit basis:  847 optval:,  0.6827702671929696 iter:  6
episode:  1 enter basis:  643 quit basis:  1514 optval:,  0.6588901251046915 iter:  7
episode:  1 enter basis:  543 quit basis:  1490 optval:,  0.6547587483652673 iter:  8
episode:  1 enter basis:  852 quit basis:  12 optval:,  0.645880335463349 iter:  9
episode:  1 enter basis:  720 quit basis:  1204 optval:,  0.6331291626715574 iter:  10
episode:  1 enter basis:  722 quit basis:  643 optval:,  0.6188263000499885 iter:  11
episode:  1 enter basis:  929 quit basis:  1038 optval:,  0.594119012175778 iter:  12
episode:  1 enter basis:  262 quit basis:  1268 optval:,  0.5872856392618822 iter:  13
episode:  1 enter basis:  893 quit basis:  1261 optval:,  0.5844526291624427 iter:  14
episode:  1 enter basis:  168 quit basis:  541 optval:,  0.55321716231551 iter:  15
episode:  1 enter basis:  608 quit basis:  1056 optval:,  0.5514522883246076 iter:  16
episode:  1 enter basis:  965 quit basis:  168 optval:,  0.5477181325732847 iter:  17
episode:  1 enter basis:  308 quit basis:  30 optval:,  0.5456635376142325 iter:  18
episode:  1 enter basis:  328 quit basis:  543 optval:,  0.5388237770919637 iter:  19
episode:  1 enter basis:  767 quit basis:  1221 optval:,  0.5021531097745728 iter:  20
episode:  1 enter basis:  660 quit basis:  1381 optval:,  0.5006339622463742 iter:  21
episode:  1 enter basis:  619 quit basis:  1322 optval:,  0.49740207054071023 iter:  22
episode:  1 enter basis:  115 quit basis:  1508 optval:,  0.496878466234235 iter:  23
episode:  1 enter basis:  105 quit basis:  1299 optval:,  0.4950729702769089 iter:  24
episode:  1 enter basis:  501 quit basis:  1057 optval:,  0.49386700380510334 iter:  25
episode:  1 enter basis:  454 quit basis:  13 optval:,  0.49174414662600996 iter:  26
episode:  1 enter basis:  675 quit basis:  660 optval:,  0.48967604774709256 iter:  27
episode:  1 enter basis:  570 quit basis:  1332 optval:,  0.4501968950643014 iter:  28
episode:  1 enter basis:  363 quit basis:  1024 optval:,  0.4424132218186765 iter:  29
episode:  1 enter basis:  888 quit basis:  1033 optval:,  0.43206430614187014 iter:  30
episode:  1 enter basis:  168 quit basis:  965 optval:,  0.42461695794977294 iter:  31
episode:  1 enter basis:  175 quit basis:  1347 optval:,  0.39071866697509394 iter:  32
episode:  1 enter basis:  601 quit basis:  1357 optval:,  0.3881566449684975 iter:  33
episode:  1 enter basis:  568 quit basis:  601 optval:,  0.3881566449684975 iter:  34
episode:  1 enter basis:  811 quit basis:  1405 optval:,  0.3871524361335807 iter:  35
episode:  1 enter basis:  803 quit basis:  1294 optval:,  0.3846763181675633 iter:  36
episode:  1 enter basis:  524 quit basis:  175 optval:,  0.3845573761147437 iter:  37
episode:  1 enter basis:  972 quit basis:  767 optval:,  0.38029863126515273 iter:  38
episode:  1 enter basis:  410 quit basis:  14 optval:,  0.37293387127990585 iter:  39
episode:  1 enter basis:  300 quit basis:  1202 optval:,  0.37229724193722213 iter:  40
episode:  1 enter basis:  801 quit basis:  1040 optval:,  0.37179411742313606 iter:  41
episode:  1 enter basis:  673 quit basis:  1466 optval:,  0.37040612208057966 iter:  42
episode:  1 enter basis:  632 quit basis:  1510 optval:,  0.36740114059311235 iter:  43
episode:  1 enter basis:  674 quit basis:  811 optval:,  0.36666319967441124 iter:  44
episode:  1 enter basis:  604 quit basis:  673 optval:,  0.3645015708952649 iter:  45
episode:  1 enter basis:  617 quit basis:  1369 optval:,  0.358134369552515 iter:  46
episode:  1 enter basis:  486 quit basis:  617 optval:,  0.358134369552515 iter:  47
episode:  1 enter basis:  673 quit basis:  1441 optval:,  0.3555285762677347 iter:  48
episode:  1 enter basis:  659 quit basis:  1052 optval:,  0.3504442455246491 iter:  49
episode:  1 enter basis:  186 quit basis:  1229 optval:,  0.34959619625891286 iter:  50
episode:  1 intially (50, 1024)
error
Intialization failure
intially (50, 1024)
episode: 1, epsilon: 0.9704, max time step: 51, total reward: -1.035200
episode:  2 enter basis:  972 quit basis:  1112 optval:,  0.8940417348674234 iter:  1
episode:  2 enter basis:  99 quit basis:  5 optval:,  0.83524048200763 iter:  2
episode:  2 enter basis:  940 quit basis:  1151 optval:,  0.8109291934582389 iter:  3
episode:  2 enter basis:  599 quit basis:  940 optval:,  0.8109291934582389 iter:  4
episode:  2 enter basis:  260 quit basis:  1528 optval:,  0.8005463384585262 iter:  5
episode:  2 enter basis:  144 quit basis:  1351 optval:,  0.67685482967408 iter:  6
episode:  2 enter basis:  216 quit basis:  144 optval:,  0.67685482967408 iter:  7
episode:  2 enter basis:  237 quit basis:  1440 optval:,  0.6709674069608162 iter:  8
episode:  2 enter basis:  311 quit basis:  1283 optval:,  0.6537765708031797 iter:  9
episode:  2 enter basis:  727 quit basis:  260 optval:,  0.6521603834331721 iter:  10
episode:  2 enter basis:  925 quit basis:  1299 optval:,  0.6487097040768554 iter:  11
episode:  2 enter basis:  307 quit basis:  1443 optval:,  0.6323393542939633 iter:  12
episode:  2 enter basis:  326 quit basis:  1485 optval:,  0.6167282440848295 iter:  13
episode:  2 enter basis:  749 quit basis:  326 optval:,  0.6167282440848295 iter:  14
episode:  2 enter basis:  583 quit basis:  44 optval:,  0.6025090914872077 iter:  15
episode:  2 enter basis:  1003 quit basis:  583 optval:,  0.6025090914872077 iter:  16
episode:  2 enter basis:  125 quit basis:  33 optval:,  0.548660377139961 iter:  17
episode:  2 enter basis:  769 quit basis:  1366 optval:,  0.5439194006798843 iter:  18
episode:  2 enter basis:  478 quit basis:  1141 optval:,  0.5294358160899668 iter:  19
episode:  2 enter basis:  671 quit basis:  1508 optval:,  0.5271321119106872 iter:  20
episode:  2 enter basis:  798 quit basis:  125 optval:,  0.5193188937956353 iter:  21
episode:  2 enter basis:  618 quit basis:  1492 optval:,  0.5060943377695271 iter:  22
episode:  2 enter basis:  1019 quit basis:  1041 optval:,  0.5026515716849915 iter:  23
episode:  2 enter basis:  605 quit basis:  237 optval:,  0.5014384090377728 iter:  24
episode:  2 enter basis:  144 quit basis:  31 optval:,  0.5001818572001566 iter:  25
episode:  2 enter basis:  531 quit basis:  1019 optval:,  0.4998178952829675 iter:  26
episode:  2 enter basis:  1009 quit basis:  1055 optval:,  0.4943839115050656 iter:  27
episode:  2 enter basis:  1006 quit basis:  47 optval:,  0.48190731704749257 iter:  28
episode:  2 enter basis:  721 quit basis:  1388 optval:,  0.4753087932999331 iter:  29
episode:  2 enter basis:  802 quit basis:  1509 optval:,  0.45898140970779744 iter:  30
episode:  2 enter basis:  426 quit basis:  1220 optval:,  0.45407197132576016 iter:  31
episode:  2 enter basis:  745 quit basis:  1203 optval:,  0.44648686850804126 iter:  32
episode:  2 enter basis:  256 quit basis:  671 optval:,  0.43508860837898217 iter:  33
episode:  2 enter basis:  525 quit basis:  1335 optval:,  0.43219943961516666 iter:  34
episode:  2 enter basis:  292 quit basis:  1325 optval:,  0.4309889068025014 iter:  35
episode:  2 enter basis:  757 quit basis:  1520 optval:,  0.4301206759728874 iter:  36
episode:  2 enter basis:  898 quit basis:  1428 optval:,  0.42813739881516577 iter:  37
episode:  2 enter basis:  561 quit basis:  618 optval:,  0.42746750568759123 iter:  38
episode:  2 enter basis:  640 quit basis:  1211 optval:,  0.42036669250127573 iter:  39
episode:  2 enter basis:  414 quit basis:  1287 optval:,  0.4198954432659526 iter:  40
episode:  2 enter basis:  900 quit basis:  605 optval:,  0.41532150803143636 iter:  41
episode:  2 enter basis:  461 quit basis:  292 optval:,  0.4033151400477245 iter:  42
episode:  2 enter basis:  261 quit basis:  1304 optval:,  0.4018312403185855 iter:  43
episode:  2 enter basis:  894 quit basis:  261 optval:,  0.4018312403185855 iter:  44
episode:  2 enter basis:  829 quit basis:  1535 optval:,  0.3989933374284389 iter:  45
episode:  2 enter basis:  675 quit basis:  1122 optval:,  0.3988537521395465 iter:  46
episode:  2 enter basis:  883 quit basis:  1481 optval:,  0.39479713753396206 iter:  47
episode:  2 enter basis:  511 quit basis:  1150 optval:,  0.39176956539716895 iter:  48
episode:  2 enter basis:  406 quit basis:  1119 optval:,  0.38496158676777525 iter:  49
episode:  2 enter basis:  177 quit basis:  16 optval:,  0.38337249009474234 iter:  50
episode:  2 intially (50, 1024)
error
Intialization failure
intially (50, 1024)
error
Intialization failure
intially (50, 1024)
error
Intialization failure
intially (50, 1024)
error
Intialization failure
intially (50, 1024)
error
Intialization failure
intially (50, 1024)
episode: 2, epsilon: 0.9508, max time step: 51, total reward: -1.011200
episode:  3 enter basis:  479 quit basis:  1268 optval:,  0.7553530236388304 iter:  1
episode:  3 enter basis:  705 quit basis:  1212 optval:,  0.6825000076469268 iter:  2
episode:  3 enter basis:  848 quit basis:  1196 optval:,  0.6528759282660735 iter:  3
episode:  3 enter basis:  215 quit basis:  1400 optval:,  0.6201107639253676 iter:  4
episode:  3 enter basis:  532 quit basis:  20 optval:,  0.6056285559287106 iter:  5
episode:  3 enter basis:  572 quit basis:  1204 optval:,  0.5938168041086643 iter:  6
episode:  3 enter basis:  829 quit basis:  1498 optval:,  0.5898961970138213 iter:  7
episode:  3 enter basis:  476 quit basis:  215 optval:,  0.569169985594038 iter:  8
episode:  3 enter basis:  378 quit basis:  1145 optval:,  0.5411616055655692 iter:  9
episode:  3 enter basis:  453 quit basis:  1420 optval:,  0.5384046076952541 iter:  10
episode:  3 enter basis:  960 quit basis:  1336 optval:,  0.5371439017173092 iter:  11
episode:  3 enter basis:  566 quit basis:  1064 optval:,  0.5169886807949732 iter:  12
episode:  3 enter basis:  574 quit basis:  476 optval:,  0.5036771036965929 iter:  13
episode:  3 enter basis:  465 quit basis:  1255 optval:,  0.4683050398126809 iter:  14
episode:  3 enter basis:  81 quit basis:  960 optval:,  0.46301543652138083 iter:  15
episode:  3 enter basis:  285 quit basis:  1189 optval:,  0.4485265136576263 iter:  16
episode:  3 enter basis:  1011 quit basis:  1410 optval:,  0.4459666878267132 iter:  17
episode:  3 enter basis:  587 quit basis:  1526 optval:,  0.43414943068955975 iter:  18
episode:  3 enter basis:  333 quit basis:  1434 optval:,  0.4297201777443581 iter:  19
episode:  3 enter basis:  338 quit basis:  1391 optval:,  0.42762638168677514 iter:  20
episode:  3 enter basis:  180 quit basis:  5 optval:,  0.42077244851775514 iter:  21
episode:  3 enter basis:  555 quit basis:  180 optval:,  0.42077244851775514 iter:  22
episode:  3 enter basis:  781 quit basis:  1454 optval:,  0.41602895419019376 iter:  23
episode:  3 enter basis:  621 quit basis:  1318 optval:,  0.41380097325575566 iter:  24
episode:  3 enter basis:  144 quit basis:  1421 optval:,  0.40344220953916826 iter:  25
episode:  3 enter basis:  370 quit basis:  1042 optval:,  0.39396709357840337 iter:  26
episode:  3 enter basis:  239 quit basis:  1431 optval:,  0.38492337035762103 iter:  27
episode:  3 enter basis:  516 quit basis:  1 optval:,  0.384074585177363 iter:  28
episode:  3 enter basis:  20 quit basis:  1303 optval:,  0.3833237466285092 iter:  29
episode:  3 enter basis:  542 quit basis:  1096 optval:,  0.38110557034751896 iter:  30
episode:  3 enter basis:  796 quit basis:  516 optval:,  0.38034837687979944 iter:  31
episode:  3 enter basis:  429 quit basis:  532 optval:,  0.38000697354583796 iter:  32
episode:  3 enter basis:  184 quit basis:  542 optval:,  0.37840868767805796 iter:  33
episode:  3 enter basis:  610 quit basis:  1438 optval:,  0.37789117919156306 iter:  34
episode:  3 enter basis:  180 quit basis:  31 optval:,  0.37671590164616287 iter:  35
episode:  3 enter basis:  388 quit basis:  144 optval:,  0.37419940613816227 iter:  36
episode:  3 enter basis:  75 quit basis:  41 optval:,  0.37136654372646405 iter:  37
episode:  3 enter basis:  953 quit basis:  1133 optval:,  0.3697255611927581 iter:  38
episode:  3 enter basis:  657 quit basis:  1292 optval:,  0.3692788239606028 iter:  39
episode:  3 enter basis:  667 quit basis:  1218 optval:,  0.36856087345527433 iter:  40
episode:  3 enter basis:  884 quit basis:  610 optval:,  0.3638914427688451 iter:  41
episode:  3 enter basis:  438 quit basis:  1462 optval:,  0.3537707089604129 iter:  42
episode:  3 enter basis:  602 quit basis:  1345 optval:,  0.3476233843314712 iter:  43
episode:  3 enter basis:  392 quit basis:  338 optval:,  0.346889022751391 iter:  44
episode:  3 enter basis:  147 quit basis:  1039 optval:,  0.34596237267449925 iter:  45
episode:  3 enter basis:  327 quit basis:  1363 optval:,  0.3396843200300648 iter:  46
episode:  3 enter basis:  442 quit basis:  239 optval:,  0.3381332307871473 iter:  47
episode:  3 enter basis:  860 quit basis:  442 optval:,  0.3381332307871473 iter:  48
episode:  3 enter basis:  54 quit basis:  20 optval:,  0.3369675709343059 iter:  49
episode:  3 enter basis:  948 quit basis:  54 optval:,  0.3369675709343059 iter:  50
episode:  3 intially (50, 1024)
error
Intialization failure
intially (50, 1024)
error
Intialization failure
intially (50, 1024)
episode: 3, epsilon: 0.9312, max time step: 51, total reward: -1.009600
episode:  4 enter basis:  342 quit basis:  1342 optval:,  0.7899731855421401 iter:  1
episode:  4 enter basis:  141 quit basis:  1293 optval:,  0.6650320157576267 iter:  2
episode:  4 enter basis:  800 quit basis:  1396 optval:,  0.6625933136735849 iter:  3
episode:  4 enter basis:  712 quit basis:  1263 optval:,  0.6381604379418538 iter:  4
episode:  4 enter basis:  437 quit basis:  1481 optval:,  0.6155656892387784 iter:  5
episode:  4 enter basis:  573 quit basis:  1424 optval:,  0.6077026508957444 iter:  6
episode:  4 enter basis:  449 quit basis:  342 optval:,  0.593008475698372 iter:  7
episode:  4 enter basis:  288 quit basis:  1120 optval:,  0.5789542543204436 iter:  8
episode:  4 enter basis:  77 quit basis:  0 optval:,  0.5756156805712016 iter:  9
episode:  4 enter basis:  458 quit basis:  1172 optval:,  0.5656638670563855 iter:  10
episode:  4 enter basis:  445 quit basis:  573 optval:,  0.5368408927417888 iter:  11
episode:  4 enter basis:  615 quit basis:  1149 optval:,  0.5266554873335151 iter:  12
episode:  4 enter basis:  318 quit basis:  37 optval:,  0.5189543485105342 iter:  13
episode:  4 enter basis:  81 quit basis:  13 optval:,  0.5042495910608682 iter:  14
episode:  4 enter basis:  487 quit basis:  20 optval:,  0.49255596472735363 iter:  15
episode:  4 enter basis:  801 quit basis:  81 optval:,  0.4834863806033603 iter:  16
episode:  4 enter basis:  809 quit basis:  1426 optval:,  0.48099490655519506 iter:  17
episode:  4 enter basis:  778 quit basis:  25 optval:,  0.46955902396530114 iter:  18
episode:  4 enter basis:  412 quit basis:  34 optval:,  0.4634560048657422 iter:  19
episode:  4 enter basis:  507 quit basis:  412 optval:,  0.4634560048657422 iter:  20
episode:  4 enter basis:  37 quit basis:  800 optval:,  0.45830289675777763 iter:  21
episode:  4 enter basis:  214 quit basis:  37 optval:,  0.45830289675777763 iter:  22
episode:  4 enter basis:  412 quit basis:  1497 optval:,  0.44962231433621275 iter:  23
episode:  4 enter basis:  75 quit basis:  809 optval:,  0.443729751839291 iter:  24
episode:  4 enter basis:  547 quit basis:  75 optval:,  0.443729751839291 iter:  25
episode:  4 enter basis:  573 quit basis:  2 optval:,  0.44181213667719 iter:  26
episode:  4 enter basis:  253 quit basis:  547 optval:,  0.44029520196635236 iter:  27
episode:  4 enter basis:  797 quit basis:  1042 optval:,  0.4334078221788114 iter:  28
episode:  4 enter basis:  885 quit basis:  1181 optval:,  0.4328800982257533 iter:  29
episode:  4 enter basis:  806 quit basis:  1390 optval:,  0.42690703842042826 iter:  30
episode:  4 enter basis:  809 quit basis:  141 optval:,  0.42677296934794623 iter:  31
episode:  4 enter basis:  386 quit basis:  412 optval:,  0.4202366884189724 iter:  32
episode:  4 enter basis:  141 quit basis:  1204 optval:,  0.4194182784084038 iter:  33
episode:  4 enter basis:  741 quit basis:  141 optval:,  0.4194182784084038 iter:  34
episode:  4 enter basis:  867 quit basis:  386 optval:,  0.4172787095706188 iter:  35
episode:  4 enter basis:  482 quit basis:  712 optval:,  0.41107576435716925 iter:  36
episode:  4 enter basis:  865 quit basis:  1334 optval:,  0.4103358603375628 iter:  37
episode:  4 enter basis:  124 quit basis:  1119 optval:,  0.4058665756114064 iter:  38
episode:  4 enter basis:  989 quit basis:  1382 optval:,  0.3979836239706558 iter:  39
episode:  4 enter basis:  459 quit basis:  797 optval:,  0.3966086321779477 iter:  40
episode:  4 enter basis:  926 quit basis:  459 optval:,  0.3966086321779477 iter:  41
episode:  4 enter basis:  510 quit basis:  1346 optval:,  0.3964262530365788 iter:  42
episode:  4 enter basis:  980 quit basis:  15 optval:,  0.3961333356001921 iter:  43
episode:  4 enter basis:  1022 quit basis:  926 optval:,  0.3960080279861336 iter:  44
episode:  4 enter basis:  210 quit basis:  1486 optval:,  0.3952426620635362 iter:  45
episode:  4 enter basis:  306 quit basis:  1092 optval:,  0.3933840819270748 iter:  46
episode:  4 enter basis:  932 quit basis:  865 optval:,  0.39118996709190934 iter:  47
episode:  4 enter basis:  774 quit basis:  1135 optval:,  0.3906915948064973 iter:  48
episode:  4 enter basis:  862 quit basis:  774 optval:,  0.3906915948064973 iter:  49
episode:  4 enter basis:  726 quit basis:  1314 optval:,  0.390228427242775 iter:  50
episode:  4 intially (50, 1024)
error
Intialization failure
intially (50, 1024)
episode: 4, epsilon: 0.9116, max time step: 51, total reward: -1.000000
episode:  5 enter basis:  77 quit basis:  1131 optval:,  0.6948804771352011 iter:  1
episode:  5 enter basis:  949 quit basis:  1493 optval:,  0.6670326511398816 iter:  2
episode:  5 enter basis:  832 quit basis:  29 optval:,  0.6208295682964327 iter:  3
episode:  5 enter basis:  1131 quit basis:  1449 optval:,  0.6107338728690884 iter:  4
episode:  5 enter basis:  967 quit basis:  1079 optval:,  0.5710996692044843 iter:  5
episode:  5 enter basis:  227 quit basis:  1495 optval:,  0.5559015096972879 iter:  6
episode:  5 enter basis:  736 quit basis:  227 optval:,  0.5559015096972879 iter:  7
episode:  5 enter basis:  824 quit basis:  1378 optval:,  0.5425882422739063 iter:  8
episode:  5 enter basis:  339 quit basis:  1278 optval:,  0.542444443048274 iter:  9
episode:  5 enter basis:  385 quit basis:  32 optval:,  0.5382134323457693 iter:  10
episode:  5 enter basis:  371 quit basis:  1140 optval:,  0.5353216000600075 iter:  11
episode:  5 enter basis:  705 quit basis:  4 optval:,  0.4949484313292407 iter:  12
episode:  5 enter basis:  853 quit basis:  705 optval:,  0.4949484313292407 iter:  13
episode:  5 enter basis:  615 quit basis:  1314 optval:,  0.4724528245171192 iter:  14
episode:  5 enter basis:  238 quit basis:  385 optval:,  0.46242252895925234 iter:  15
episode:  5 enter basis:  32 quit basis:  1285 optval:,  0.4559351279848544 iter:  16
episode:  5 enter basis:  637 quit basis:  1131 optval:,  0.4519710273974047 iter:  17
episode:  5 enter basis:  227 quit basis:  17 optval:,  0.44421962374643476 iter:  18
episode:  5 enter basis:  78 quit basis:  1065 optval:,  0.4432315574859798 iter:  19
episode:  5 enter basis:  122 quit basis:  1075 optval:,  0.43268928126335116 iter:  20
episode:  5 enter basis:  326 quit basis:  122 optval:,  0.43268928126335116 iter:  21
episode:  5 enter basis:  715 quit basis:  1242 optval:,  0.42440155479423264 iter:  22
episode:  5 enter basis:  819 quit basis:  32 optval:,  0.4194123712231887 iter:  23
episode:  5 enter basis:  1015 quit basis:  1395 optval:,  0.4119390798548235 iter:  24
episode:  5 enter basis:  776 quit basis:  1015 optval:,  0.4119390798548235 iter:  25
episode:  5 enter basis:  818 quit basis:  1102 optval:,  0.411727355206145 iter:  26
episode:  5 enter basis:  724 quit basis:  1313 optval:,  0.4073954965181888 iter:  27
episode:  5 enter basis:  870 quit basis:  819 optval:,  0.40449506379097516 iter:  28
episode:  5 enter basis:  406 quit basis:  1468 optval:,  0.40257690972380494 iter:  29
episode:  5 enter basis:  188 quit basis:  406 optval:,  0.40257690972380494 iter:  30
episode:  5 enter basis:  114 quit basis:  776 optval:,  0.39703844056760107 iter:  31
episode:  5 enter basis:  4 quit basis:  1463 optval:,  0.3963301043430157 iter:  32
episode:  5 enter basis:  149 quit basis:  1078 optval:,  0.39582447628497697 iter:  33
episode:  5 enter basis:  806 quit basis:  1237 optval:,  0.3911819947368141 iter:  34
episode:  5 enter basis:  894 quit basis:  78 optval:,  0.38614406926707756 iter:  35
episode:  5 enter basis:  17 quit basis:  1349 optval:,  0.38543609224815484 iter:  36
episode:  5 enter basis:  150 quit basis:  238 optval:,  0.3773567804813722 iter:  37
episode:  5 enter basis:  933 quit basis:  44 optval:,  0.37038677138845405 iter:  38
episode:  5 enter basis:  148 quit basis:  1460 optval:,  0.368299297800037 iter:  39
episode:  5 enter basis:  490 quit basis:  339 optval:,  0.36783138688754824 iter:  40
episode:  5 enter basis:  1023 quit basis:  150 optval:,  0.3675694531267574 iter:  41
episode:  5 enter basis:  830 quit basis:  490 optval:,  0.36710260408008044 iter:  42
episode:  5 enter basis:  1003 quit basis:  1266 optval:,  0.36596201074665785 iter:  43
episode:  5 enter basis:  968 quit basis:  1003 optval:,  0.36596201074665785 iter:  44
episode:  5 enter basis:  490 quit basis:  1181 optval:,  0.36319509918973714 iter:  45
episode:  5 enter basis:  238 quit basis:  1042 optval:,  0.35749653777893975 iter:  46
episode:  5 enter basis:  759 quit basis:  1338 optval:,  0.353533139920306 iter:  47
episode:  5 enter basis:  716 quit basis:  1213 optval:,  0.3526759240853403 iter:  48
episode:  5 enter basis:  735 quit basis:  832 optval:,  0.349160102409794 iter:  49
episode:  5 enter basis:  997 quit basis:  1100 optval:,  0.3442281050200115 iter:  50
episode:  5 intially (50, 1024)
episode: 5, epsilon: 0.8920, max time step: 51, total reward: -1.008000
episode:  6 enter basis:  380 quit basis:  1475 optval:,  0.6922182836958571 iter:  1
episode:  6 enter basis:  166 quit basis:  1402 optval:,  0.6483447920033447 iter:  2
episode:  6 enter basis:  577 quit basis:  1519 optval:,  0.6397007427975876 iter:  3
episode:  6 enter basis:  182 quit basis:  1025 optval:,  0.6114362273691925 iter:  4
episode:  6 enter basis:  755 quit basis:  1206 optval:,  0.6036394529134498 iter:  5
episode:  6 enter basis:  150 quit basis:  48 optval:,  0.5912668915885707 iter:  6
episode:  6 enter basis:  758 quit basis:  1403 optval:,  0.5865079224825062 iter:  7
episode:  6 enter basis:  395 quit basis:  1252 optval:,  0.5668217584945064 iter:  8
episode:  6 enter basis:  790 quit basis:  32 optval:,  0.5533556090305585 iter:  9
episode:  6 enter basis:  235 quit basis:  1153 optval:,  0.551120087217158 iter:  10
episode:  6 enter basis:  146 quit basis:  235 optval:,  0.551120087217158 iter:  11
episode:  6 enter basis:  687 quit basis:  1184 optval:,  0.5486326045427581 iter:  12
episode:  6 enter basis:  211 quit basis:  1061 optval:,  0.5311282722381119 iter:  13
episode:  6 enter basis:  217 quit basis:  1347 optval:,  0.5292697635424093 iter:  14
episode:  6 enter basis:  69 quit basis:  1 optval:,  0.5256533796881606 iter:  15
episode:  6 enter basis:  510 quit basis:  1136 optval:,  0.505695686311451 iter:  16
episode:  6 enter basis:  342 quit basis:  1104 optval:,  0.49692729576746214 iter:  17
episode:  6 enter basis:  560 quit basis:  1417 optval:,  0.49671073196818805 iter:  18
episode:  6 enter basis:  685 quit basis:  1040 optval:,  0.49328492315916417 iter:  19
episode:  6 enter basis:  401 quit basis:  1178 optval:,  0.4784962141310352 iter:  20
episode:  6 enter basis:  351 quit basis:  401 optval:,  0.4784962141310352 iter:  21
episode:  6 enter basis:  716 quit basis:  560 optval:,  0.4768890602185112 iter:  22
episode:  6 enter basis:  278 quit basis:  758 optval:,  0.47641141337774834 iter:  23
episode:  6 enter basis:  980 quit basis:  716 optval:,  0.47631939674352564 iter:  24
episode:  6 enter basis:  401 quit basis:  1302 optval:,  0.47082660340790644 iter:  25
episode:  6 enter basis:  646 quit basis:  401 optval:,  0.47082660340790644 iter:  26
episode:  6 enter basis:  716 quit basis:  1055 optval:,  0.47015666606268613 iter:  27
episode:  6 enter basis:  397 quit basis:  1294 optval:,  0.46700952944363905 iter:  28
episode:  6 enter basis:  976 quit basis:  211 optval:,  0.46671855136067836 iter:  29
episode:  6 enter basis:  237 quit basis:  1307 optval:,  0.45675208485400004 iter:  30
episode:  6 enter basis:  332 quit basis:  1373 optval:,  0.45610140294433793 iter:  31
episode:  6 enter basis:  747 quit basis:  1315 optval:,  0.4534258570930465 iter:  32
episode:  6 enter basis:  957 quit basis:  790 optval:,  0.44471042136994066 iter:  33
episode:  6 enter basis:  562 quit basis:  1235 optval:,  0.44449441911240134 iter:  34
episode:  6 enter basis:  354 quit basis:  5 optval:,  0.4438403146779139 iter:  35
episode:  6 enter basis:  113 quit basis:  1125 optval:,  0.44212414055781357 iter:  36
episode:  6 enter basis:  780 quit basis:  1400 optval:,  0.4415714063082526 iter:  37
episode:  6 enter basis:  623 quit basis:  562 optval:,  0.43873206212109256 iter:  38
episode:  6 enter basis:  434 quit basis:  354 optval:,  0.43807437497983776 iter:  39
episode:  6 enter basis:  138 quit basis:  3 optval:,  0.4344098931255149 iter:  40
episode:  6 enter basis:  321 quit basis:  1158 optval:,  0.43198402123485435 iter:  41
episode:  6 enter basis:  699 quit basis:  1130 optval:,  0.4311939249117817 iter:  42
episode:  6 enter basis:  894 quit basis:  138 optval:,  0.42989661807865787 iter:  43
episode:  6 enter basis:  354 quit basis:  1271 optval:,  0.4142434016273111 iter:  44
episode:  6 enter basis:  819 quit basis:  1344 optval:,  0.41171727586055046 iter:  45
episode:  6 enter basis:  104 quit basis:  1175 optval:,  0.3978320914083829 iter:  46
episode:  6 enter basis:  622 quit basis:  980 optval:,  0.39537796693692007 iter:  47
episode:  6 enter basis:  138 quit basis:  278 optval:,  0.3931556813699826 iter:  48
episode:  6 enter basis:  401 quit basis:  1439 optval:,  0.3925368105786986 iter:  49
episode:  6 enter basis:  580 quit basis:  1042 optval:,  0.39152377483133344 iter:  50
episode:  6 intially (50, 1024)
error
Intialization failure
intially (50, 1024)
episode: 6, epsilon: 0.8724, max time step: 51, total reward: -1.000000
episode:  7 enter basis:  612 quit basis:  1029 optval:,  0.9486675027423362 iter:  1
episode:  7 enter basis:  822 quit basis:  40 optval:,  0.8174005860057119 iter:  2
episode:  7 enter basis:  806 quit basis:  822 optval:,  0.8174005860057119 iter:  3
episode:  7 enter basis:  249 quit basis:  612 optval:,  0.8054900148258881 iter:  4
episode:  7 enter basis:  514 quit basis:  806 optval:,  0.8047440251902727 iter:  5
episode:  7 enter basis:  734 quit basis:  514 optval:,  0.8047440251902727 iter:  6
episode:  7 enter basis:  514 quit basis:  734 optval:,  0.8047440251902727 iter:  7
episode:  7 enter basis:  734 quit basis:  514 optval:,  0.8047440251902727 iter:  8
episode:  7 enter basis:  514 quit basis:  734 optval:,  0.8047440251902727 iter:  9
episode:  7 enter basis:  734 quit basis:  514 optval:,  0.8047440251902727 iter:  10
episode:  7 enter basis:  514 quit basis:  734 optval:,  0.8047440251902727 iter:  11
episode:  7 enter basis:  734 quit basis:  514 optval:,  0.8047440251902727 iter:  12
episode:  7 enter basis:  514 quit basis:  734 optval:,  0.8047440251902727 iter:  13
episode:  7 enter basis:  734 quit basis:  514 optval:,  0.8047440251902727 iter:  14
episode:  7 enter basis:  514 quit basis:  734 optval:,  0.8047440251902727 iter:  15
converge
intially (50, 1024)
episode: 7, epsilon: 0.8528, max time step: 15, total reward: 0.700000
episode:  8 enter basis:  199 quit basis:  1203 optval:,  0.7637670891494986 iter:  1
episode:  8 enter basis:  178 quit basis:  1198 optval:,  0.7602169625436503 iter:  2
episode:  8 enter basis:  782 quit basis:  33 optval:,  0.6680400967109451 iter:  3
episode:  8 enter basis:  161 quit basis:  782 optval:,  0.6680400967109451 iter:  4
episode:  8 enter basis:  578 quit basis:  199 optval:,  0.6622659293196309 iter:  5
episode:  8 enter basis:  631 quit basis:  178 optval:,  0.6570957640519844 iter:  6
episode:  8 enter basis:  488 quit basis:  161 optval:,  0.6564751374372498 iter:  7
episode:  8 enter basis:  229 quit basis:  631 optval:,  0.6564551669872257 iter:  8
episode:  8 enter basis:  631 quit basis:  229 optval:,  0.6564551669872257 iter:  9
episode:  8 enter basis:  229 quit basis:  631 optval:,  0.6564551669872257 iter:  10
episode:  8 enter basis:  631 quit basis:  229 optval:,  0.6564551669872257 iter:  11
episode:  8 enter basis:  229 quit basis:  631 optval:,  0.6564551669872257 iter:  12
episode:  8 enter basis:  631 quit basis:  229 optval:,  0.6564551669872257 iter:  13
episode:  8 enter basis:  229 quit basis:  631 optval:,  0.6564551669872257 iter:  14
episode:  8 enter basis:  631 quit basis:  229 optval:,  0.6564551669872257 iter:  15
episode:  8 enter basis:  229 quit basis:  631 optval:,  0.6564551669872257 iter:  16
episode:  8 enter basis:  631 quit basis:  229 optval:,  0.6564551669872257 iter:  17
episode:  8 enter basis:  229 quit basis:  631 optval:,  0.6564551669872257 iter:  18
converge
intially (50, 1024)
episode: 8, epsilon: 0.8332, max time step: 18, total reward: 0.640000
episode:  9 enter basis:  164 quit basis:  1393 optval:,  0.9681744470235301 iter:  1
episode:  9 enter basis:  690 quit basis:  27 optval:,  0.7636322115181375 iter:  2
episode:  9 enter basis:  808 quit basis:  690 optval:,  0.7636322115181375 iter:  3
episode:  9 enter basis:  680 quit basis:  1282 optval:,  0.7516993463938013 iter:  4
episode:  9 enter basis:  302 quit basis:  4 optval:,  0.7342963845349961 iter:  5
episode:  9 enter basis:  354 quit basis:  13 optval:,  0.7298424335762402 iter:  6
episode:  9 enter basis:  969 quit basis:  302 optval:,  0.7295664181571744 iter:  7
episode:  9 enter basis:  887 quit basis:  164 optval:,  0.7287824353615427 iter:  8
episode:  9 enter basis:  796 quit basis:  354 optval:,  0.7287408215436014 iter:  9
episode:  9 enter basis:  934 quit basis:  887 optval:,  0.7287394570846535 iter:  10
episode:  9 enter basis:  905 quit basis:  969 optval:,  0.7287133197640652 iter:  11
episode:  9 enter basis:  969 quit basis:  905 optval:,  0.7287133197640652 iter:  12
episode:  9 enter basis:  905 quit basis:  969 optval:,  0.7287133197640652 iter:  13
episode:  9 enter basis:  969 quit basis:  905 optval:,  0.7287133197640652 iter:  14
episode:  9 enter basis:  905 quit basis:  969 optval:,  0.7287133197640652 iter:  15
episode:  9 enter basis:  969 quit basis:  905 optval:,  0.7287133197640652 iter:  16
episode:  9 enter basis:  905 quit basis:  969 optval:,  0.7287133197640652 iter:  17
episode:  9 enter basis:  969 quit basis:  905 optval:,  0.7287133197640652 iter:  18
episode:  9 enter basis:  905 quit basis:  969 optval:,  0.7287133197640652 iter:  19
episode:  9 enter basis:  969 quit basis:  905 optval:,  0.7287133197640652 iter:  20
episode:  9 enter basis:  905 quit basis:  969 optval:,  0.7287133197640652 iter:  21
converge
intially (50, 1024)
episode: 9, epsilon: 0.8136, max time step: 21, total reward: 0.580000
episode:  10 enter basis:  319 quit basis:  1491 optval:,  0.7954408630937273 iter:  1
episode:  10 enter basis:  756 quit basis:  319 optval:,  0.7954408630937273 iter:  2
episode:  10 enter basis:  720 quit basis:  1354 optval:,  0.7706820307288579 iter:  3
episode:  10 enter basis:  922 quit basis:  4 optval:,  0.7229378226979571 iter:  4
episode:  10 enter basis:  277 quit basis:  1326 optval:,  0.6955402755571005 iter:  5
episode:  10 enter basis:  319 quit basis:  1490 optval:,  0.6583907434423024 iter:  6
episode:  10 enter basis:  202 quit basis:  1435 optval:,  0.6570105951955391 iter:  7
episode:  10 enter basis:  357 quit basis:  1535 optval:,  0.6398536753211277 iter:  8
episode:  10 enter basis:  794 quit basis:  23 optval:,  0.628933814112365 iter:  9
episode:  10 enter basis:  443 quit basis:  1392 optval:,  0.6283883091067834 iter:  10
episode:  10 enter basis:  355 quit basis:  794 optval:,  0.6282061379348475 iter:  11
episode:  10 enter basis:  647 quit basis:  1389 optval:,  0.6060138035638027 iter:  12
episode:  10 enter basis:  529 quit basis:  1133 optval:,  0.5951257409824976 iter:  13
episode:  10 enter basis:  575 quit basis:  922 optval:,  0.5891775144473703 iter:  14
episode:  10 enter basis:  682 quit basis:  1358 optval:,  0.5734682338870689 iter:  15
episode:  10 enter basis:  242 quit basis:  1332 optval:,  0.5328586427183698 iter:  16
episode:  10 enter basis:  878 quit basis:  242 optval:,  0.5328586427183698 iter:  17
episode:  10 enter basis:  410 quit basis:  6 optval:,  0.5207428053416105 iter:  18
episode:  10 enter basis:  411 quit basis:  277 optval:,  0.5141043033668975 iter:  19
episode:  10 enter basis:  724 quit basis:  357 optval:,  0.4911453157605303 iter:  20
episode:  10 enter basis:  161 quit basis:  25 optval:,  0.4826828695165124 iter:  21
episode:  10 enter basis:  248 quit basis:  1498 optval:,  0.4815654134148852 iter:  22
episode:  10 enter basis:  214 quit basis:  26 optval:,  0.4771558851994772 iter:  23
episode:  10 enter basis:  602 quit basis:  1218 optval:,  0.469454720297537 iter:  24
episode:  10 enter basis:  650 quit basis:  161 optval:,  0.46165268918183544 iter:  25
episode:  10 enter basis:  132 quit basis:  1054 optval:,  0.4616268537320449 iter:  26
episode:  10 enter basis:  408 quit basis:  132 optval:,  0.4616268537320449 iter:  27
episode:  10 enter basis:  376 quit basis:  724 optval:,  0.45836361746646076 iter:  28
episode:  10 enter basis:  928 quit basis:  376 optval:,  0.45836361746646076 iter:  29
episode:  10 enter basis:  132 quit basis:  22 optval:,  0.44763719914745764 iter:  30
episode:  10 enter basis:  161 quit basis:  1380 optval:,  0.4473139893835455 iter:  31
episode:  10 enter basis:  594 quit basis:  34 optval:,  0.4443032532852996 iter:  32
episode:  10 enter basis:  598 quit basis:  1065 optval:,  0.4410061521461628 iter:  33
episode:  10 enter basis:  179 quit basis:  1295 optval:,  0.4292684189175976 iter:  34
episode:  10 enter basis:  491 quit basis:  1351 optval:,  0.4284546180962434 iter:  35
episode:  10 enter basis:  643 quit basis:  878 optval:,  0.42262470863065704 iter:  36
episode:  10 enter basis:  998 quit basis:  132 optval:,  0.42246575206448034 iter:  37
episode:  10 enter basis:  563 quit basis:  11 optval:,  0.4154628250747588 iter:  38
episode:  10 enter basis:  181 quit basis:  1506 optval:,  0.4085349526607474 iter:  39
episode:  10 enter basis:  132 quit basis:  1396 optval:,  0.4079445452546035 iter:  40
episode:  10 enter basis:  569 quit basis:  1206 optval:,  0.40768402028004086 iter:  41
episode:  10 enter basis:  848 quit basis:  17 optval:,  0.40591999228224346 iter:  42
episode:  10 enter basis:  326 quit basis:  1431 optval:,  0.40496352924707674 iter:  43
episode:  10 enter basis:  686 quit basis:  132 optval:,  0.40202258115353107 iter:  44
episode:  10 enter basis:  559 quit basis:  1350 optval:,  0.40132975836560303 iter:  45
episode:  10 enter basis:  726 quit basis:  1409 optval:,  0.4005113509743728 iter:  46
episode:  10 enter basis:  115 quit basis:  1026 optval:,  0.3988391456563632 iter:  47
episode:  10 enter basis:  232 quit basis:  1204 optval:,  0.3951712336944033 iter:  48
episode:  10 enter basis:  348 quit basis:  1373 optval:,  0.3807451967325078 iter:  49
episode:  10 enter basis:  293 quit basis:  1303 optval:,  0.37650656463781185 iter:  50
episode:  10 intially (50, 1024)
error
Intialization failure
intially (50, 1024)
error
Intialization failure
intially (50, 1024)
episode: 10, epsilon: 0.7940, max time step: 51, total reward: -1.000000
intially (50, 1024)
enter basis:  598 quit basis:  1102 optval:,  0.6405503823510906 iter:  1
enter basis:  274 quit basis:  1064 optval:,  0.6339747461134787 iter:  2
enter basis:  875 quit basis:  598 optval:,  0.6294882665329868 iter:  3
enter basis:  634 quit basis:  1212 optval:,  0.5865166735014646 iter:  4
enter basis:  956 quit basis:  1455 optval:,  0.5822997301120495 iter:  5
enter basis:  923 quit basis:  1336 optval:,  0.5738110073772299 iter:  6
enter basis:  91 quit basis:  1535 optval:,  0.5639838525822467 iter:  7
enter basis:  781 quit basis:  1027 optval:,  0.5503124209721562 iter:  8
enter basis:  468 quit basis:  1482 optval:,  0.5474050056452723 iter:  9
enter basis:  918 quit basis:  1368 optval:,  0.510737001158729 iter:  10
enter basis:  790 quit basis:  1176 optval:,  0.4871111602410329 iter:  11
enter basis:  531 quit basis:  1410 optval:,  0.486298005953723 iter:  12
enter basis:  236 quit basis:  1217 optval:,  0.4653963173851031 iter:  13
enter basis:  405 quit basis:  1382 optval:,  0.4537686710167785 iter:  14
enter basis:  51 quit basis:  1162 optval:,  0.4502227848144974 iter:  15
enter basis:  651 quit basis:  1324 optval:,  0.4363493290398099 iter:  16
enter basis:  537 quit basis:  5 optval:,  0.43426455550493015 iter:  17
enter basis:  913 quit basis:  1029 optval:,  0.4315664639583311 iter:  18
enter basis:  52 quit basis:  913 optval:,  0.4315664639583311 iter:  19
enter basis:  282 quit basis:  1392 optval:,  0.42967325472458684 iter:  20
enter basis:  133 quit basis:  1134 optval:,  0.42524994880308464 iter:  21
enter basis:  718 quit basis:  133 optval:,  0.42524994880308464 iter:  22
enter basis:  735 quit basis:  651 optval:,  0.4178376003039465 iter:  23
enter basis:  704 quit basis:  282 optval:,  0.4114038717220712 iter:  24
enter basis:  955 quit basis:  781 optval:,  0.41056191107078555 iter:  25
enter basis:  998 quit basis:  735 optval:,  0.41009135622233495 iter:  26
enter basis:  133 quit basis:  31 optval:,  0.4098779052958039 iter:  27
enter basis:  479 quit basis:  17 optval:,  0.4051969949730724 iter:  28
enter basis:  557 quit basis:  704 optval:,  0.4043016086635376 iter:  29
enter basis:  715 quit basis:  1040 optval:,  0.3945307203039784 iter:  30
enter basis:  407 quit basis:  1450 optval:,  0.3881361035960551 iter:  31
enter basis:  352 quit basis:  557 optval:,  0.38813610359605505 iter:  32
enter basis:  548 quit basis:  1281 optval:,  0.38768832868132064 iter:  33
enter basis:  169 quit basis:  1225 optval:,  0.38739535632605593 iter:  34
enter basis:  647 quit basis:  352 optval:,  0.386838477910185 iter:  35
enter basis:  472 quit basis:  647 optval:,  0.386838477910185 iter:  36
enter basis:  199 quit basis:  472 optval:,  0.386838477910185 iter:  37
enter basis:  202 quit basis:  169 optval:,  0.38667695140277947 iter:  38
enter basis:  602 quit basis:  202 optval:,  0.38667695140277947 iter:  39
enter basis:  17 quit basis:  602 optval:,  0.38667695140277947 iter:  40
enter basis:  333 quit basis:  17 optval:,  0.38667695140277947 iter:  41
enter basis:  17 quit basis:  333 optval:,  0.38667695140277947 iter:  42
enter basis:  333 quit basis:  17 optval:,  0.38667695140277947 iter:  43
enter basis:  17 quit basis:  333 optval:,  0.38667695140277947 iter:  44
enter basis:  333 quit basis:  17 optval:,  0.38667695140277947 iter:  45
enter basis:  17 quit basis:  333 optval:,  0.38667695140277947 iter:  46
enter basis:  333 quit basis:  17 optval:,  0.38667695140277947 iter:  47
enter basis:  17 quit basis:  333 optval:,  0.38667695140277947 iter:  48
converge
intially (50, 1024)
error
Intialization failure
intially (50, 1024)
intially (50, 1024)
enter basis:  598 quit basis:  1102 optval:,  0.6405503823510906 iter:  1
enter basis:  274 quit basis:  1064 optval:,  0.6339747461134787 iter:  2
enter basis:  875 quit basis:  598 optval:,  0.6294882665329868 iter:  3
enter basis:  634 quit basis:  1212 optval:,  0.5865166735014646 iter:  4
enter basis:  956 quit basis:  1455 optval:,  0.5822997301120495 iter:  5
enter basis:  923 quit basis:  1336 optval:,  0.5738110073772299 iter:  6
enter basis:  91 quit basis:  1535 optval:,  0.5639838525822467 iter:  7
enter basis:  781 quit basis:  1027 optval:,  0.5503124209721562 iter:  8
enter basis:  468 quit basis:  1482 optval:,  0.5474050056452723 iter:  9
enter basis:  918 quit basis:  1368 optval:,  0.510737001158729 iter:  10
enter basis:  790 quit basis:  1176 optval:,  0.4871111602410329 iter:  11
enter basis:  531 quit basis:  1410 optval:,  0.486298005953723 iter:  12
enter basis:  236 quit basis:  1217 optval:,  0.4653963173851031 iter:  13
enter basis:  405 quit basis:  1382 optval:,  0.4537686710167785 iter:  14
enter basis:  51 quit basis:  1162 optval:,  0.4502227848144974 iter:  15
enter basis:  651 quit basis:  1324 optval:,  0.4363493290398099 iter:  16
enter basis:  537 quit basis:  5 optval:,  0.43426455550493015 iter:  17
enter basis:  913 quit basis:  1029 optval:,  0.4315664639583311 iter:  18
enter basis:  52 quit basis:  913 optval:,  0.4315664639583311 iter:  19
enter basis:  282 quit basis:  1392 optval:,  0.42967325472458684 iter:  20
enter basis:  133 quit basis:  1134 optval:,  0.42524994880308464 iter:  21
enter basis:  718 quit basis:  133 optval:,  0.42524994880308464 iter:  22
enter basis:  735 quit basis:  651 optval:,  0.4178376003039465 iter:  23
enter basis:  704 quit basis:  282 optval:,  0.4114038717220712 iter:  24
enter basis:  955 quit basis:  781 optval:,  0.41056191107078555 iter:  25
enter basis:  998 quit basis:  735 optval:,  0.41009135622233495 iter:  26
enter basis:  133 quit basis:  31 optval:,  0.4098779052958039 iter:  27
enter basis:  479 quit basis:  17 optval:,  0.4051969949730724 iter:  28
enter basis:  557 quit basis:  704 optval:,  0.4043016086635376 iter:  29
enter basis:  715 quit basis:  1040 optval:,  0.3945307203039784 iter:  30
enter basis:  407 quit basis:  1450 optval:,  0.3881361035960551 iter:  31
enter basis:  352 quit basis:  557 optval:,  0.38813610359605505 iter:  32
enter basis:  548 quit basis:  1281 optval:,  0.38768832868132064 iter:  33
enter basis:  169 quit basis:  1225 optval:,  0.38739535632605593 iter:  34
enter basis:  647 quit basis:  352 optval:,  0.386838477910185 iter:  35
enter basis:  472 quit basis:  647 optval:,  0.386838477910185 iter:  36
enter basis:  199 quit basis:  472 optval:,  0.386838477910185 iter:  37
enter basis:  202 quit basis:  169 optval:,  0.38667695140277947 iter:  38
enter basis:  602 quit basis:  202 optval:,  0.38667695140277947 iter:  39
enter basis:  17 quit basis:  602 optval:,  0.38667695140277947 iter:  40
enter basis:  333 quit basis:  17 optval:,  0.38667695140277947 iter:  41
enter basis:  17 quit basis:  333 optval:,  0.38667695140277947 iter:  42
enter basis:  333 quit basis:  17 optval:,  0.38667695140277947 iter:  43
enter basis:  17 quit basis:  333 optval:,  0.38667695140277947 iter:  44
enter basis:  333 quit basis:  17 optval:,  0.38667695140277947 iter:  45
enter basis:  17 quit basis:  333 optval:,  0.38667695140277947 iter:  46
enter basis:  333 quit basis:  17 optval:,  0.38667695140277947 iter:  47
enter basis:  17 quit basis:  333 optval:,  0.38667695140277947 iter:  48
converge
intially (50, 1024)
error
Intialization failure
intially (50, 1024)
intially (50, 1024)
enter basis:  598 quit basis:  1102 optval:,  0.6405503823510906 iter:  1
enter basis:  274 quit basis:  1064 optval:,  0.6339747461134787 iter:  2
enter basis:  875 quit basis:  598 optval:,  0.6294882665329868 iter:  3
enter basis:  634 quit basis:  1212 optval:,  0.5865166735014646 iter:  4
enter basis:  956 quit basis:  1455 optval:,  0.5822997301120495 iter:  5
enter basis:  923 quit basis:  1336 optval:,  0.5738110073772299 iter:  6
enter basis:  91 quit basis:  1535 optval:,  0.5639838525822467 iter:  7
enter basis:  781 quit basis:  1027 optval:,  0.5503124209721562 iter:  8
enter basis:  468 quit basis:  1482 optval:,  0.5474050056452723 iter:  9
enter basis:  918 quit basis:  1368 optval:,  0.510737001158729 iter:  10
enter basis:  790 quit basis:  1176 optval:,  0.4871111602410329 iter:  11
enter basis:  531 quit basis:  1410 optval:,  0.486298005953723 iter:  12
enter basis:  236 quit basis:  1217 optval:,  0.4653963173851031 iter:  13
enter basis:  405 quit basis:  1382 optval:,  0.4537686710167785 iter:  14
enter basis:  51 quit basis:  1162 optval:,  0.4502227848144974 iter:  15
enter basis:  651 quit basis:  1324 optval:,  0.4363493290398099 iter:  16
enter basis:  537 quit basis:  5 optval:,  0.43426455550493015 iter:  17
enter basis:  913 quit basis:  1029 optval:,  0.4315664639583311 iter:  18
enter basis:  52 quit basis:  913 optval:,  0.4315664639583311 iter:  19
enter basis:  282 quit basis:  1392 optval:,  0.42967325472458684 iter:  20
enter basis:  133 quit basis:  1134 optval:,  0.42524994880308464 iter:  21
enter basis:  718 quit basis:  133 optval:,  0.42524994880308464 iter:  22
enter basis:  735 quit basis:  651 optval:,  0.4178376003039465 iter:  23
enter basis:  704 quit basis:  282 optval:,  0.4114038717220712 iter:  24
enter basis:  955 quit basis:  781 optval:,  0.41056191107078555 iter:  25
enter basis:  998 quit basis:  735 optval:,  0.41009135622233495 iter:  26
enter basis:  133 quit basis:  31 optval:,  0.4098779052958039 iter:  27
enter basis:  479 quit basis:  17 optval:,  0.4051969949730724 iter:  28
enter basis:  557 quit basis:  704 optval:,  0.4043016086635376 iter:  29
enter basis:  715 quit basis:  1040 optval:,  0.3945307203039784 iter:  30
enter basis:  407 quit basis:  1450 optval:,  0.3881361035960551 iter:  31
enter basis:  352 quit basis:  557 optval:,  0.38813610359605505 iter:  32
enter basis:  548 quit basis:  1281 optval:,  0.38768832868132064 iter:  33
enter basis:  169 quit basis:  1225 optval:,  0.38739535632605593 iter:  34
enter basis:  647 quit basis:  352 optval:,  0.386838477910185 iter:  35
enter basis:  472 quit basis:  647 optval:,  0.386838477910185 iter:  36
enter basis:  199 quit basis:  472 optval:,  0.386838477910185 iter:  37
enter basis:  202 quit basis:  169 optval:,  0.38667695140277947 iter:  38
enter basis:  602 quit basis:  202 optval:,  0.38667695140277947 iter:  39
enter basis:  17 quit basis:  602 optval:,  0.38667695140277947 iter:  40
enter basis:  333 quit basis:  17 optval:,  0.38667695140277947 iter:  41
enter basis:  17 quit basis:  333 optval:,  0.38667695140277947 iter:  42
enter basis:  333 quit basis:  17 optval:,  0.38667695140277947 iter:  43
enter basis:  17 quit basis:  333 optval:,  0.38667695140277947 iter:  44
enter basis:  333 quit basis:  17 optval:,  0.38667695140277947 iter:  45
enter basis:  17 quit basis:  333 optval:,  0.38667695140277947 iter:  46
enter basis:  333 quit basis:  17 optval:,  0.38667695140277947 iter:  47
enter basis:  17 quit basis:  333 optval:,  0.38667695140277947 iter:  48
converge
intially (50, 1024)
error
Intialization failure
intially (50, 1024)
intially (50, 1024)
enter basis:  598 quit basis:  1102 optval:,  0.6405503823510906 iter:  1
enter basis:  274 quit basis:  1064 optval:,  0.6339747461134787 iter:  2
enter basis:  875 quit basis:  598 optval:,  0.6294882665329868 iter:  3
enter basis:  634 quit basis:  1212 optval:,  0.5865166735014646 iter:  4
enter basis:  956 quit basis:  1455 optval:,  0.5822997301120495 iter:  5
enter basis:  923 quit basis:  1336 optval:,  0.5738110073772299 iter:  6
enter basis:  91 quit basis:  1535 optval:,  0.5639838525822467 iter:  7
enter basis:  781 quit basis:  1027 optval:,  0.5503124209721562 iter:  8
enter basis:  468 quit basis:  1482 optval:,  0.5474050056452723 iter:  9
enter basis:  918 quit basis:  1368 optval:,  0.510737001158729 iter:  10
enter basis:  790 quit basis:  1176 optval:,  0.4871111602410329 iter:  11
enter basis:  531 quit basis:  1410 optval:,  0.486298005953723 iter:  12
enter basis:  236 quit basis:  1217 optval:,  0.4653963173851031 iter:  13
enter basis:  405 quit basis:  1382 optval:,  0.4537686710167785 iter:  14
enter basis:  51 quit basis:  1162 optval:,  0.4502227848144974 iter:  15
enter basis:  651 quit basis:  1324 optval:,  0.4363493290398099 iter:  16
enter basis:  537 quit basis:  5 optval:,  0.43426455550493015 iter:  17
enter basis:  913 quit basis:  1029 optval:,  0.4315664639583311 iter:  18
enter basis:  52 quit basis:  913 optval:,  0.4315664639583311 iter:  19
enter basis:  282 quit basis:  1392 optval:,  0.42967325472458684 iter:  20
enter basis:  133 quit basis:  1134 optval:,  0.42524994880308464 iter:  21
enter basis:  718 quit basis:  133 optval:,  0.42524994880308464 iter:  22
enter basis:  735 quit basis:  651 optval:,  0.4178376003039465 iter:  23
enter basis:  704 quit basis:  282 optval:,  0.4114038717220712 iter:  24
enter basis:  955 quit basis:  781 optval:,  0.41056191107078555 iter:  25
enter basis:  998 quit basis:  735 optval:,  0.41009135622233495 iter:  26
enter basis:  133 quit basis:  31 optval:,  0.4098779052958039 iter:  27
enter basis:  479 quit basis:  17 optval:,  0.4051969949730724 iter:  28
enter basis:  557 quit basis:  704 optval:,  0.4043016086635376 iter:  29
enter basis:  715 quit basis:  1040 optval:,  0.3945307203039784 iter:  30
enter basis:  407 quit basis:  1450 optval:,  0.3881361035960551 iter:  31
enter basis:  352 quit basis:  557 optval:,  0.38813610359605505 iter:  32
enter basis:  548 quit basis:  1281 optval:,  0.38768832868132064 iter:  33
enter basis:  169 quit basis:  1225 optval:,  0.38739535632605593 iter:  34
enter basis:  647 quit basis:  352 optval:,  0.386838477910185 iter:  35
enter basis:  472 quit basis:  647 optval:,  0.386838477910185 iter:  36
enter basis:  199 quit basis:  472 optval:,  0.386838477910185 iter:  37
enter basis:  202 quit basis:  169 optval:,  0.38667695140277947 iter:  38
enter basis:  602 quit basis:  202 optval:,  0.38667695140277947 iter:  39
enter basis:  17 quit basis:  602 optval:,  0.38667695140277947 iter:  40
enter basis:  333 quit basis:  17 optval:,  0.38667695140277947 iter:  41
enter basis:  17 quit basis:  333 optval:,  0.38667695140277947 iter:  42
enter basis:  333 quit basis:  17 optval:,  0.38667695140277947 iter:  43
enter basis:  17 quit basis:  333 optval:,  0.38667695140277947 iter:  44
enter basis:  333 quit basis:  17 optval:,  0.38667695140277947 iter:  45
enter basis:  17 quit basis:  333 optval:,  0.38667695140277947 iter:  46
enter basis:  333 quit basis:  17 optval:,  0.38667695140277947 iter:  47
enter basis:  17 quit basis:  333 optval:,  0.38667695140277947 iter:  48
converge
intially (50, 1024)
error
Intialization failure
intially (50, 1024)
intially (50, 1024)
enter basis:  598 quit basis:  1102 optval:,  0.6405503823510906 iter:  1
enter basis:  274 quit basis:  1064 optval:,  0.6339747461134787 iter:  2
enter basis:  875 quit basis:  598 optval:,  0.6294882665329868 iter:  3
enter basis:  634 quit basis:  1212 optval:,  0.5865166735014646 iter:  4
enter basis:  956 quit basis:  1455 optval:,  0.5822997301120495 iter:  5
enter basis:  923 quit basis:  1336 optval:,  0.5738110073772299 iter:  6
enter basis:  91 quit basis:  1535 optval:,  0.5639838525822467 iter:  7
enter basis:  781 quit basis:  1027 optval:,  0.5503124209721562 iter:  8
enter basis:  468 quit basis:  1482 optval:,  0.5474050056452723 iter:  9
enter basis:  918 quit basis:  1368 optval:,  0.510737001158729 iter:  10
enter basis:  790 quit basis:  1176 optval:,  0.4871111602410329 iter:  11
enter basis:  531 quit basis:  1410 optval:,  0.486298005953723 iter:  12
enter basis:  236 quit basis:  1217 optval:,  0.4653963173851031 iter:  13
enter basis:  405 quit basis:  1382 optval:,  0.4537686710167785 iter:  14
enter basis:  51 quit basis:  1162 optval:,  0.4502227848144974 iter:  15
enter basis:  651 quit basis:  1324 optval:,  0.4363493290398099 iter:  16
enter basis:  537 quit basis:  5 optval:,  0.43426455550493015 iter:  17
enter basis:  913 quit basis:  1029 optval:,  0.4315664639583311 iter:  18
enter basis:  52 quit basis:  913 optval:,  0.4315664639583311 iter:  19
enter basis:  282 quit basis:  1392 optval:,  0.42967325472458684 iter:  20
enter basis:  133 quit basis:  1134 optval:,  0.42524994880308464 iter:  21
enter basis:  718 quit basis:  133 optval:,  0.42524994880308464 iter:  22
enter basis:  735 quit basis:  651 optval:,  0.4178376003039465 iter:  23
enter basis:  704 quit basis:  282 optval:,  0.4114038717220712 iter:  24
enter basis:  955 quit basis:  781 optval:,  0.41056191107078555 iter:  25
enter basis:  998 quit basis:  735 optval:,  0.41009135622233495 iter:  26
enter basis:  133 quit basis:  31 optval:,  0.4098779052958039 iter:  27
enter basis:  479 quit basis:  17 optval:,  0.4051969949730724 iter:  28
enter basis:  557 quit basis:  704 optval:,  0.4043016086635376 iter:  29
enter basis:  715 quit basis:  1040 optval:,  0.3945307203039784 iter:  30
enter basis:  407 quit basis:  1450 optval:,  0.3881361035960551 iter:  31
enter basis:  352 quit basis:  557 optval:,  0.38813610359605505 iter:  32
enter basis:  548 quit basis:  1281 optval:,  0.38768832868132064 iter:  33
enter basis:  169 quit basis:  1225 optval:,  0.38739535632605593 iter:  34
enter basis:  647 quit basis:  352 optval:,  0.386838477910185 iter:  35
enter basis:  472 quit basis:  647 optval:,  0.386838477910185 iter:  36
enter basis:  199 quit basis:  472 optval:,  0.386838477910185 iter:  37
enter basis:  202 quit basis:  169 optval:,  0.38667695140277947 iter:  38
enter basis:  602 quit basis:  202 optval:,  0.38667695140277947 iter:  39
enter basis:  17 quit basis:  602 optval:,  0.38667695140277947 iter:  40
enter basis:  333 quit basis:  17 optval:,  0.38667695140277947 iter:  41
enter basis:  17 quit basis:  333 optval:,  0.38667695140277947 iter:  42
enter basis:  333 quit basis:  17 optval:,  0.38667695140277947 iter:  43
enter basis:  17 quit basis:  333 optval:,  0.38667695140277947 iter:  44
enter basis:  333 quit basis:  17 optval:,  0.38667695140277947 iter:  45
enter basis:  17 quit basis:  333 optval:,  0.38667695140277947 iter:  46
enter basis:  333 quit basis:  17 optval:,  0.38667695140277947 iter:  47
enter basis:  17 quit basis:  333 optval:,  0.38667695140277947 iter:  48
converge
intially (50, 1024)
error
Intialization failure
intially (50, 1024)
testing: episode: 10, average time: 0.7503555443179158
episode:  11 enter basis:  417 quit basis:  1380 optval:,  0.8915708206778943 iter:  1
episode:  11 enter basis:  546 quit basis:  1146 optval:,  0.8236213613056336 iter:  2
episode:  11 enter basis:  732 quit basis:  4 optval:,  0.8086907124293208 iter:  3
episode:  11 enter basis:  397 quit basis:  1505 optval:,  0.8045396722475288 iter:  4
episode:  11 enter basis:  902 quit basis:  546 optval:,  0.7854357180420308 iter:  5
episode:  11 enter basis:  133 quit basis:  1206 optval:,  0.7711413392770724 iter:  6
episode:  11 enter basis:  258 quit basis:  1527 optval:,  0.7220243504941308 iter:  7
episode:  11 enter basis:  430 quit basis:  49 optval:,  0.7060151884323828 iter:  8
episode:  11 enter basis:  247 quit basis:  1042 optval:,  0.6889057913117483 iter:  9
episode:  11 enter basis:  392 quit basis:  417 optval:,  0.6760387104699682 iter:  10
episode:  11 enter basis:  79 quit basis:  1288 optval:,  0.6346557413159496 iter:  11
episode:  11 enter basis:  907 quit basis:  1074 optval:,  0.6341532841723507 iter:  12
episode:  11 enter basis:  440 quit basis:  0 optval:,  0.6025756560311255 iter:  13
episode:  11 enter basis:  271 quit basis:  1346 optval:,  0.5760152252376821 iter:  14
episode:  11 enter basis:  674 quit basis:  32 optval:,  0.5714528081371646 iter:  15
episode:  11 enter basis:  575 quit basis:  1215 optval:,  0.564740134995099 iter:  16
episode:  11 enter basis:  942 quit basis:  1248 optval:,  0.5639200744050193 iter:  17
episode:  11 enter basis:  997 quit basis:  1330 optval:,  0.5591988491573584 iter:  18
episode:  11 enter basis:  65 quit basis:  1154 optval:,  0.5573339532602394 iter:  19
episode:  11 enter basis:  494 quit basis:  1225 optval:,  0.5564798333545944 iter:  20
episode:  11 enter basis:  825 quit basis:  440 optval:,  0.5552429646684492 iter:  21
episode:  11 enter basis:  306 quit basis:  825 optval:,  0.5552429646684492 iter:  22
episode:  11 enter basis:  489 quit basis:  494 optval:,  0.554917154008757 iter:  23
episode:  11 enter basis:  825 quit basis:  489 optval:,  0.554917154008757 iter:  24
episode:  11 enter basis:  460 quit basis:  825 optval:,  0.554917154008757 iter:  25
episode:  11 enter basis:  825 quit basis:  460 optval:,  0.554917154008757 iter:  26
episode:  11 enter basis:  460 quit basis:  825 optval:,  0.554917154008757 iter:  27
episode:  11 enter basis:  825 quit basis:  460 optval:,  0.554917154008757 iter:  28
episode:  11 enter basis:  460 quit basis:  825 optval:,  0.554917154008757 iter:  29
episode:  11 enter basis:  825 quit basis:  460 optval:,  0.554917154008757 iter:  30
episode:  11 enter basis:  460 quit basis:  825 optval:,  0.554917154008757 iter:  31
episode:  11 enter basis:  825 quit basis:  460 optval:,  0.554917154008757 iter:  32
episode:  11 enter basis:  460 quit basis:  825 optval:,  0.554917154008757 iter:  33
converge
intially (50, 1024)
episode: 11, epsilon: 0.7744, max time step: 33, total reward: 0.340000
episode:  12 enter basis:  700 quit basis:  1180 optval:,  0.911511287394523 iter:  1
episode:  12 enter basis:  364 quit basis:  1502 optval:,  0.8767940859904507 iter:  2
episode:  12 enter basis:  420 quit basis:  46 optval:,  0.8431623492151514 iter:  3
episode:  12 enter basis:  112 quit basis:  1113 optval:,  0.7761916652703571 iter:  4
episode:  12 enter basis:  443 quit basis:  112 optval:,  0.7761916652703571 iter:  5
episode:  12 enter basis:  676 quit basis:  1081 optval:,  0.7234723133070701 iter:  6
episode:  12 enter basis:  314 quit basis:  1124 optval:,  0.7214806871660838 iter:  7
episode:  12 enter basis:  581 quit basis:  40 optval:,  0.7169653815489073 iter:  8
episode:  12 enter basis:  526 quit basis:  1334 optval:,  0.6677810887973695 iter:  9
episode:  12 enter basis:  75 quit basis:  32 optval:,  0.6478229332721456 iter:  10
episode:  12 enter basis:  237 quit basis:  1044 optval:,  0.6410577391398887 iter:  11
episode:  12 enter basis:  566 quit basis:  37 optval:,  0.6396673449926268 iter:  12
episode:  12 enter basis:  645 quit basis:  526 optval:,  0.6346388446336578 iter:  13
episode:  12 enter basis:  372 quit basis:  1072 optval:,  0.6229607159338718 iter:  14
episode:  12 enter basis:  350 quit basis:  1527 optval:,  0.618953024014273 iter:  15
episode:  12 enter basis:  621 quit basis:  420 optval:,  0.5993650186801358 iter:  16
episode:  12 enter basis:  718 quit basis:  621 optval:,  0.5993650186801358 iter:  17
episode:  12 enter basis:  185 quit basis:  1282 optval:,  0.5978981746706094 iter:  18
episode:  12 enter basis:  397 quit basis:  1148 optval:,  0.5770917103220294 iter:  19
episode:  12 enter basis:  297 quit basis:  19 optval:,  0.5675941708757093 iter:  20
episode:  12 enter basis:  661 quit basis:  1504 optval:,  0.5668830251155497 iter:  21
episode:  12 enter basis:  988 quit basis:  1345 optval:,  0.5651130444109219 iter:  22
episode:  12 enter basis:  868 quit basis:  1058 optval:,  0.5567282111925373 iter:  23
episode:  12 enter basis:  863 quit basis:  1230 optval:,  0.5438907631292811 iter:  24
episode:  12 enter basis:  584 quit basis:  1430 optval:,  0.5390978569314114 iter:  25
episode:  12 enter basis:  994 quit basis:  1385 optval:,  0.5302224743775185 iter:  26
episode:  12 enter basis:  112 quit basis:  868 optval:,  0.5273072988810293 iter:  27
episode:  12 enter basis:  897 quit basis:  1358 optval:,  0.5229187227201864 iter:  28
episode:  12 enter basis:  600 quit basis:  30 optval:,  0.5179299059322827 iter:  29
episode:  12 enter basis:  167 quit basis:  36 optval:,  0.5176130731132046 iter:  30
episode:  12 enter basis:  781 quit basis:  1217 optval:,  0.5133280384253849 iter:  31
episode:  12 enter basis:  401 quit basis:  237 optval:,  0.5108735726125573 iter:  32
episode:  12 enter basis:  961 quit basis:  1247 optval:,  0.504932263605661 iter:  33
episode:  12 enter basis:  946 quit basis:  314 optval:,  0.5041356578948651 iter:  34
episode:  12 enter basis:  36 quit basis:  1471 optval:,  0.49108068692862417 iter:  35
episode:  12 enter basis:  445 quit basis:  36 optval:,  0.49108068692862417 iter:  36
episode:  12 enter basis:  183 quit basis:  297 optval:,  0.46589791054212326 iter:  37
episode:  12 enter basis:  799 quit basis:  661 optval:,  0.4639038380626844 iter:  38
episode:  12 enter basis:  476 quit basis:  41 optval:,  0.463265854992451 iter:  39
episode:  12 enter basis:  621 quit basis:  4 optval:,  0.4631351050744842 iter:  40
episode:  12 enter basis:  835 quit basis:  799 optval:,  0.45783016138691374 iter:  41
episode:  12 enter basis:  297 quit basis:  1311 optval:,  0.4539834243537259 iter:  42
episode:  12 enter basis:  896 quit basis:  1254 optval:,  0.4519076673541218 iter:  43
episode:  12 enter basis:  139 quit basis:  1173 optval:,  0.45085532176569515 iter:  44
episode:  12 enter basis:  447 quit basis:  1365 optval:,  0.4440402041273897 iter:  45
episode:  12 enter basis:  552 quit basis:  22 optval:,  0.44288313324848794 iter:  46
episode:  12 enter basis:  1020 quit basis:  552 optval:,  0.44288313324848794 iter:  47
episode:  12 enter basis:  562 quit basis:  297 optval:,  0.44128655396421823 iter:  48
episode:  12 enter basis:  100 quit basis:  718 optval:,  0.4400257768782025 iter:  49
episode:  12 enter basis:  314 quit basis:  447 optval:,  0.4397662182446619 iter:  50
episode:  12 intially (50, 1024)
error
Intialization failure
intially (50, 1024)
episode: 12, epsilon: 0.7548, max time step: 51, total reward: -1.000000
episode:  13 enter basis:  303 quit basis:  1521 optval:,  0.7253876460410255 iter:  1
episode:  13 enter basis:  381 quit basis:  303 optval:,  0.7253876460410255 iter:  2
episode:  13 enter basis:  697 quit basis:  1393 optval:,  0.7012464215075859 iter:  3
episode:  13 enter basis:  375 quit basis:  1272 optval:,  0.6936063753780503 iter:  4
episode:  13 enter basis:  772 quit basis:  381 optval:,  0.6582218395396988 iter:  5
episode:  13 enter basis:  754 quit basis:  1074 optval:,  0.5485611502953684 iter:  6
episode:  13 enter basis:  839 quit basis:  1133 optval:,  0.5302148771334113 iter:  7
episode:  13 enter basis:  937 quit basis:  1525 optval:,  0.5272446551246407 iter:  8
episode:  13 enter basis:  945 quit basis:  839 optval:,  0.5257541026257453 iter:  9
episode:  13 enter basis:  235 quit basis:  1168 optval:,  0.5152655390302199 iter:  10
episode:  13 enter basis:  95 quit basis:  41 optval:,  0.5015475925057097 iter:  11
episode:  13 enter basis:  582 quit basis:  20 optval:,  0.4974081981467655 iter:  12
episode:  13 enter basis:  532 quit basis:  1170 optval:,  0.4918541814407112 iter:  13
episode:  13 enter basis:  374 quit basis:  1353 optval:,  0.4909872487109683 iter:  14
episode:  13 enter basis:  500 quit basis:  1219 optval:,  0.4868235670725884 iter:  15
episode:  13 enter basis:  778 quit basis:  1323 optval:,  0.48438917889574973 iter:  16
episode:  13 enter basis:  1023 quit basis:  1241 optval:,  0.4804691345506288 iter:  17
episode:  13 enter basis:  250 quit basis:  1023 optval:,  0.4804691345506288 iter:  18
episode:  13 enter basis:  517 quit basis:  1339 optval:,  0.47559109739721983 iter:  19
episode:  13 enter basis:  1023 quit basis:  1080 optval:,  0.4745548049095864 iter:  20
episode:  13 enter basis:  277 quit basis:  1418 optval:,  0.4687066973017825 iter:  21
episode:  13 enter basis:  935 quit basis:  1333 optval:,  0.46753812261064565 iter:  22
episode:  13 enter basis:  686 quit basis:  7 optval:,  0.45950281541305293 iter:  23
episode:  13 enter basis:  786 quit basis:  532 optval:,  0.4532150578172036 iter:  24
episode:  13 enter basis:  139 quit basis:  1406 optval:,  0.4517206071054146 iter:  25
episode:  13 enter basis:  202 quit basis:  1397 optval:,  0.44763056488758823 iter:  26
episode:  13 enter basis:  894 quit basis:  1166 optval:,  0.44108832403017617 iter:  27
episode:  13 enter basis:  681 quit basis:  1255 optval:,  0.4363974218446885 iter:  28
episode:  13 enter basis:  222 quit basis:  1373 optval:,  0.43587436094414667 iter:  29
episode:  13 enter basis:  113 quit basis:  1147 optval:,  0.4319200374192327 iter:  30
episode:  13 enter basis:  908 quit basis:  1026 optval:,  0.42581527944909725 iter:  31
episode:  13 enter basis:  785 quit basis:  908 optval:,  0.42581527944909725 iter:  32
episode:  13 enter basis:  487 quit basis:  1371 optval:,  0.4175224902138275 iter:  33
episode:  13 enter basis:  853 quit basis:  1364 optval:,  0.4146704039972215 iter:  34
episode:  13 enter basis:  568 quit basis:  9 optval:,  0.4125614276507902 iter:  35
episode:  13 enter basis:  577 quit basis:  113 optval:,  0.40919830118657485 iter:  36
episode:  13 enter basis:  169 quit basis:  33 optval:,  0.40756032386370067 iter:  37
episode:  13 enter basis:  653 quit basis:  487 optval:,  0.4071934431814452 iter:  38
episode:  13 enter basis:  532 quit basis:  1427 optval:,  0.4063932098989397 iter:  39
episode:  13 enter basis:  554 quit basis:  19 optval:,  0.4014324470489727 iter:  40
episode:  13 enter basis:  242 quit basis:  894 optval:,  0.3992786076387003 iter:  41
episode:  13 enter basis:  454 quit basis:  21 optval:,  0.3915562131121313 iter:  42
episode:  13 enter basis:  858 quit basis:  1355 optval:,  0.39128876903243404 iter:  43
episode:  13 enter basis:  223 quit basis:  500 optval:,  0.3907499699290255 iter:  44
episode:  13 enter basis:  245 quit basis:  48 optval:,  0.39067395456648674 iter:  45
episode:  13 enter basis:  509 quit basis:  1321 optval:,  0.38985794501144605 iter:  46
episode:  13 enter basis:  604 quit basis:  235 optval:,  0.38953863577351705 iter:  47
episode:  13 enter basis:  398 quit basis:  245 optval:,  0.3879444895871142 iter:  48
episode:  13 enter basis:  652 quit basis:  1474 optval:,  0.3875233546181268 iter:  49
episode:  13 enter basis:  976 quit basis:  652 optval:,  0.3875233546181268 iter:  50
episode:  13 intially (50, 1024)
error
Intialization failure
intially (50, 1024)
episode: 13, epsilon: 0.7352, max time step: 51, total reward: -1.000000
episode:  14 enter basis:  64 quit basis:  1451 optval:,  0.8190992336987326 iter:  1
episode:  14 enter basis:  538 quit basis:  64 optval:,  0.8190992336987326 iter:  2
episode:  14 enter basis:  382 quit basis:  1403 optval:,  0.7637765250635362 iter:  3
episode:  14 enter basis:  64 quit basis:  2 optval:,  0.7635501200538924 iter:  4
episode:  14 enter basis:  861 quit basis:  16 optval:,  0.7269304764791275 iter:  5
episode:  14 enter basis:  868 quit basis:  1351 optval:,  0.7126377469479787 iter:  6
episode:  14 enter basis:  393 quit basis:  538 optval:,  0.7106950265888866 iter:  7
episode:  14 enter basis:  415 quit basis:  1410 optval:,  0.6837399262049761 iter:  8
episode:  14 enter basis:  519 quit basis:  1141 optval:,  0.6327559571386069 iter:  9
episode:  14 enter basis:  306 quit basis:  1094 optval:,  0.6063728692008049 iter:  10
episode:  14 enter basis:  105 quit basis:  1469 optval:,  0.5852128496006237 iter:  11
episode:  14 enter basis:  899 quit basis:  105 optval:,  0.5852128496006237 iter:  12
episode:  14 enter basis:  880 quit basis:  1333 optval:,  0.5846932333029426 iter:  13
episode:  14 enter basis:  694 quit basis:  4 optval:,  0.5698220565758859 iter:  14
episode:  14 enter basis:  609 quit basis:  1153 optval:,  0.5640158935686613 iter:  15
episode:  14 enter basis:  16 quit basis:  7 optval:,  0.5629292086397266 iter:  16
episode:  14 enter basis:  741 quit basis:  1450 optval:,  0.5582541240198063 iter:  17
episode:  14 enter basis:  239 quit basis:  33 optval:,  0.536381261976435 iter:  18
episode:  14 enter basis:  243 quit basis:  861 optval:,  0.5319092211292862 iter:  19
episode:  14 enter basis:  533 quit basis:  243 optval:,  0.5319092211292862 iter:  20
episode:  14 enter basis:  632 quit basis:  1439 optval:,  0.5293801865540549 iter:  21
episode:  14 enter basis:  254 quit basis:  533 optval:,  0.5274622005331231 iter:  22
episode:  14 enter basis:  692 quit basis:  1169 optval:,  0.5061448887069439 iter:  23
episode:  14 enter basis:  304 quit basis:  694 optval:,  0.4939426239212483 iter:  24
episode:  14 enter basis:  680 quit basis:  1522 optval:,  0.4914482445662065 iter:  25
episode:  14 enter basis:  258 quit basis:  25 optval:,  0.47244899569823184 iter:  26
episode:  14 enter basis:  672 quit basis:  1036 optval:,  0.4687887916109165 iter:  27
episode:  14 enter basis:  107 quit basis:  258 optval:,  0.46123224860038387 iter:  28
episode:  14 enter basis:  694 quit basis:  1146 optval:,  0.45814722299151706 iter:  29
episode:  14 enter basis:  993 quit basis:  1231 optval:,  0.4492602180606521 iter:  30
episode:  14 enter basis:  152 quit basis:  24 optval:,  0.4491823148446782 iter:  31
episode:  14 enter basis:  364 quit basis:  519 optval:,  0.44541661846068936 iter:  32
episode:  14 enter basis:  89 quit basis:  364 optval:,  0.44541661846068936 iter:  33
episode:  14 enter basis:  774 quit basis:  1238 optval:,  0.4404759965910827 iter:  34
episode:  14 enter basis:  137 quit basis:  1357 optval:,  0.4402961733030481 iter:  35
episode:  14 enter basis:  861 quit basis:  1313 optval:,  0.4397927771257856 iter:  36
episode:  14 enter basis:  853 quit basis:  1337 optval:,  0.4385592268032625 iter:  37
episode:  14 enter basis:  909 quit basis:  19 optval:,  0.4349650657025973 iter:  38
episode:  14 enter basis:  538 quit basis:  861 optval:,  0.434554153180289 iter:  39
episode:  14 enter basis:  258 quit basis:  1257 optval:,  0.4336588574250465 iter:  40
episode:  14 enter basis:  1011 quit basis:  538 optval:,  0.43340054271412476 iter:  41
episode:  14 enter basis:  160 quit basis:  909 optval:,  0.42973373608529386 iter:  42
episode:  14 enter basis:  747 quit basis:  1347 optval:,  0.4230001913208414 iter:  43
episode:  14 enter basis:  719 quit basis:  304 optval:,  0.42145848621507725 iter:  44
episode:  14 enter basis:  231 quit basis:  1160 optval:,  0.4163860345730276 iter:  45
episode:  14 enter basis:  861 quit basis:  1236 optval:,  0.4161074668788866 iter:  46
episode:  14 enter basis:  739 quit basis:  719 optval:,  0.416022090667974 iter:  47
episode:  14 enter basis:  360 quit basis:  861 optval:,  0.41600327164707235 iter:  48
episode:  14 enter basis:  584 quit basis:  853 optval:,  0.4042716724301177 iter:  49
episode:  14 enter basis:  395 quit basis:  1479 optval:,  0.40379778051732707 iter:  50
episode:  14 intially (50, 1024)
episode: 14, epsilon: 0.7156, max time step: 51, total reward: -1.000000
episode:  15 enter basis:  147 quit basis:  1503 optval:,  0.9390691525165739 iter:  1
episode:  15 enter basis:  364 quit basis:  1150 optval:,  0.89318580308805 iter:  2
episode:  15 enter basis:  83 quit basis:  1186 optval:,  0.858423670524863 iter:  3
episode:  15 enter basis:  486 quit basis:  13 optval:,  0.81926533087413 iter:  4
episode:  15 enter basis:  772 quit basis:  1136 optval:,  0.7930048035307639 iter:  5
episode:  15 enter basis:  675 quit basis:  1039 optval:,  0.6858319582436903 iter:  6
episode:  15 enter basis:  264 quit basis:  675 optval:,  0.6858319582436903 iter:  7
episode:  15 enter basis:  154 quit basis:  1120 optval:,  0.6384615707066622 iter:  8
episode:  15 enter basis:  526 quit basis:  40 optval:,  0.6308420180413294 iter:  9
episode:  15 enter basis:  788 quit basis:  526 optval:,  0.6308420180413294 iter:  10
episode:  15 enter basis:  1003 quit basis:  1183 optval:,  0.6278275587088419 iter:  11
episode:  15 enter basis:  414 quit basis:  1213 optval:,  0.5995432165822949 iter:  12
episode:  15 enter basis:  283 quit basis:  36 optval:,  0.5859313488629008 iter:  13
episode:  15 enter basis:  589 quit basis:  1292 optval:,  0.5579351378866731 iter:  14
episode:  15 enter basis:  935 quit basis:  1395 optval:,  0.5553120446350023 iter:  15
episode:  15 enter basis:  992 quit basis:  9 optval:,  0.5531599255376216 iter:  16
episode:  15 enter basis:  751 quit basis:  1169 optval:,  0.5429208744941268 iter:  17
episode:  15 enter basis:  194 quit basis:  154 optval:,  0.5406100127681768 iter:  18
episode:  15 enter basis:  888 quit basis:  8 optval:,  0.5361478097689696 iter:  19
episode:  15 enter basis:  216 quit basis:  25 optval:,  0.5332128929640988 iter:  20
episode:  15 enter basis:  8 quit basis:  194 optval:,  0.5291901071087012 iter:  21
episode:  15 enter basis:  968 quit basis:  0 optval:,  0.5214188053620596 iter:  22
episode:  15 enter basis:  25 quit basis:  1411 optval:,  0.5153939017514564 iter:  23
episode:  15 enter basis:  340 quit basis:  11 optval:,  0.511781173359864 iter:  24
episode:  15 enter basis:  858 quit basis:  1099 optval:,  0.5038630225077783 iter:  25
episode:  15 enter basis:  880 quit basis:  888 optval:,  0.5020663787263563 iter:  26
episode:  15 enter basis:  1000 quit basis:  8 optval:,  0.5000748309509606 iter:  27
episode:  15 enter basis:  822 quit basis:  1413 optval:,  0.49583373467266734 iter:  28
episode:  15 enter basis:  958 quit basis:  1049 optval:,  0.4905943512760603 iter:  29
episode:  15 enter basis:  849 quit basis:  23 optval:,  0.45963146671949473 iter:  30
episode:  15 enter basis:  517 quit basis:  1134 optval:,  0.443937466871722 iter:  31
episode:  15 enter basis:  78 quit basis:  772 optval:,  0.43833636720018954 iter:  32
episode:  15 enter basis:  0 quit basis:  1279 optval:,  0.4266959720069851 iter:  33
episode:  15 enter basis:  679 quit basis:  1443 optval:,  0.42237342558940183 iter:  34
